#-----------------------------------------------------------
# Vivado v2023.2 (64-bit)
# SW Build 4029153 on Fri Oct 13 20:14:34 MDT 2023
# IP Build 4028589 on Sat Oct 14 00:45:43 MDT 2023
# SharedData Build 4025554 on Tue Oct 10 17:18:54 MDT 2023
# Start of session at: Wed Oct  2 09:02:48 2024
# Process ID: 14852
# Current directory: C:/Users/student/Documents/w5500StateMachine
# Command line: vivado.exe -gui_launcher_event rodinguilauncherevent2744 C:\Users\student\Documents\w5500StateMachine\w5500StateMachine.xpr
# Log file: C:/Users/student/Documents/w5500StateMachine/vivado.log
# Journal file: C:/Users/student/Documents/w5500StateMachine\vivado.jou
# Running On: HTI20, OS: Windows, CPU Frequency: 3192 MHz, CPU Physical cores: 4, Host memory: 17060 MB
#-----------------------------------------------------------
start_gui
WARNING: [Board 49-26] cannot add Board Part xilinx.com:kcu105:part0:1.6 available at D:/Xilinx/Vivado/2023.2/data/xhub/boards/XilinxBoardStore/boards/Xilinx/kcu105/1.6/board.xml as part xcku040-ffva1156-2-e specified in board_part file is either invalid or not available
WARNING: [Board 49-26] cannot add Board Part xilinx.com:kcu105:part0:1.7 available at D:/Xilinx/Vivado/2023.2/data/xhub/boards/XilinxBoardStore/boards/Xilinx/kcu105/1.7/board.xml as part xcku040-ffva1156-2-e specified in board_part file is either invalid or not available
WARNING: [Board 49-26] cannot add Board Part xilinx.com:kcu116:part0:1.4 available at D:/Xilinx/Vivado/2023.2/data/xhub/boards/XilinxBoardStore/boards/Xilinx/kcu116/1.4/board.xml as part xcku5p-ffvb676-2-e specified in board_part file is either invalid or not available
WARNING: [Board 49-26] cannot add Board Part xilinx.com:kcu116:part0:1.5 available at D:/Xilinx/Vivado/2023.2/data/xhub/boards/XilinxBoardStore/boards/Xilinx/kcu116/1.5/board.xml as part xcku5p-ffvb676-2-e specified in board_part file is either invalid or not available
WARNING: [Board 49-26] cannot add Board Part xilinx.com:kcu1500:part0:1.2 available at D:/Xilinx/Vivado/2023.2/data/xhub/boards/XilinxBoardStore/boards/Xilinx/kcu1500/1.2/board.xml as part xcku115-flvb2104-2-e specified in board_part file is either invalid or not available
WARNING: [Board 49-26] cannot add Board Part xilinx.com:vcu108:part0:1.6 available at D:/Xilinx/Vivado/2023.2/data/xhub/boards/XilinxBoardStore/boards/Xilinx/vcu108/1.6/board.xml as part xcvu095-ffva2104-2-e specified in board_part file is either invalid or not available
WARNING: [Board 49-26] cannot add Board Part xilinx.com:vcu108:part0:1.7 available at D:/Xilinx/Vivado/2023.2/data/xhub/boards/XilinxBoardStore/boards/Xilinx/vcu108/1.7/board.xml as part xcvu095-ffva2104-2-e specified in board_part file is either invalid or not available
WARNING: [Board 49-26] cannot add Board Part xilinx.com:vcu110:part0:1.4 available at D:/Xilinx/Vivado/2023.2/data/xhub/boards/XilinxBoardStore/boards/Xilinx/vcu110/1.4/board.xml as part xcvu190-flgc2104-2-e specified in board_part file is either invalid or not available
WARNING: [Board 49-26] cannot add Board Part xilinx.com:vcu118:part0:2.0 available at D:/Xilinx/Vivado/2023.2/data/xhub/boards/XilinxBoardStore/boards/Xilinx/vcu118/2.0/board.xml as part xcvu9p-flga2104-2l-e specified in board_part file is either invalid or not available
WARNING: [Board 49-26] cannot add Board Part xilinx.com:vcu118:part0:2.3 available at D:/Xilinx/Vivado/2023.2/data/xhub/boards/XilinxBoardStore/boards/Xilinx/vcu118/2.3/board.xml as part xcvu9p-flga2104-2l-e specified in board_part file is either invalid or not available
WARNING: [Board 49-26] cannot add Board Part xilinx.com:vcu118:part0:2.4 available at D:/Xilinx/Vivado/2023.2/data/xhub/boards/XilinxBoardStore/boards/Xilinx/vcu118/2.4/board.xml as part xcvu9p-flga2104-2l-e specified in board_part file is either invalid or not available
WARNING: [Board 49-26] cannot add Board Part xilinx.com:vcu128:part0:1.0 available at D:/Xilinx/Vivado/2023.2/data/xhub/boards/XilinxBoardStore/boards/Xilinx/vcu128/production/1.0/board.xml as part xcvu37p-fsvh2892-2l-e specified in board_part file is either invalid or not available
WARNING: [Board 49-26] cannot add Board Part xilinx.com:vcu129:part0:1.0 available at D:/Xilinx/Vivado/2023.2/data/xhub/boards/XilinxBoardStore/boards/Xilinx/vcu129/production/1.0/board.xml as part xcvu29p-fsga2577-2l-e specified in board_part file is either invalid or not available
WARNING: [Board 49-26] cannot add Board Part xilinx.com:vcu1525:part0:1.3 available at D:/Xilinx/Vivado/2023.2/data/xhub/boards/XilinxBoardStore/boards/Xilinx/vcu1525/1.3/board.xml as part xcvu9p-fsgd2104-2l-e specified in board_part file is either invalid or not available
WARNING: [Board 49-26] cannot add Board Part xilinx.com:vek280_es:part0:1.0 available at D:/Xilinx/Vivado/2023.2/data/xhub/boards/XilinxBoardStore/boards/Xilinx/vek280/es/rev_a/1.0/board.xml as part xcve2802-vsvh1760-2lp-e-s-es1 specified in board_part file is either invalid or not available
WARNING: [Board 49-26] cannot add Board Part xilinx.com:vek280_es:part0:1.1 available at D:/Xilinx/Vivado/2023.2/data/xhub/boards/XilinxBoardStore/boards/Xilinx/vek280/es/rev_a/1.1/board.xml as part xcve2802-vsvh1760-2lp-e-s-es1 specified in board_part file is either invalid or not available
WARNING: [Board 49-26] cannot add Board Part xilinx.com:vek280_es_revb:part0:1.0 available at D:/Xilinx/Vivado/2023.2/data/xhub/boards/XilinxBoardStore/boards/Xilinx/vek280/es/rev_b/1.0/board.xml as part xcve2802-vsvh1760-2mp-e-s-es1 specified in board_part file is either invalid or not available
WARNING: [Board 49-26] cannot add Board Part xilinx.com:vek280_es_revb:part0:1.1 available at D:/Xilinx/Vivado/2023.2/data/xhub/boards/XilinxBoardStore/boards/Xilinx/vek280/es/rev_b/1.1/board.xml as part xcve2802-vsvh1760-2mp-e-s-es1 specified in board_part file is either invalid or not available
WARNING: [Board 49-26] cannot add Board Part xilinx.com:vhk158_es:part0:1.0 available at D:/Xilinx/Vivado/2023.2/data/xhub/boards/XilinxBoardStore/boards/Xilinx/vhk158/es/1.0/board.xml as part xcvh1582-vsva3697-2mp-e-s-es1 specified in board_part file is either invalid or not available
WARNING: [Board 49-26] cannot add Board Part xilinx.com:vhk158_es:part0:1.1 available at D:/Xilinx/Vivado/2023.2/data/xhub/boards/XilinxBoardStore/boards/Xilinx/vhk158/es/1.1/board.xml as part xcvh1582-vsva3697-2mp-e-s-es1 specified in board_part file is either invalid or not available
WARNING: [Board 49-26] cannot add Board Part xilinx.com:zcu208ld:part0:2.0 available at D:/Xilinx/Vivado/2023.2/data/xhub/boards/XilinxBoardStore/boards/Xilinx/zcu208ld/production/2.0/board.xml as part xczu58dr-fsvg1517-2-i specified in board_part file is either invalid or not available
WARNING: [Board 49-26] cannot add Board Part xilinx.com:zcu216ld:part0:2.0 available at D:/Xilinx/Vivado/2023.2/data/xhub/boards/XilinxBoardStore/boards/Xilinx/zcu216ld/production/2.0/board.xml as part xczu59dr-ffvf1760-2-i specified in board_part file is either invalid or not available
WARNING: [Board 49-26] cannot add Board Part xilinx.com:zcu670:part0:2.0 available at D:/Xilinx/Vivado/2023.2/data/xhub/boards/XilinxBoardStore/boards/Xilinx/zcu670/2.0/board.xml as part xczu67dr-fsve1156-2-i specified in board_part file is either invalid or not available
WARNING: [Board 49-26] cannot add Board Part xilinx.com:zcu670ld:part0:1.0 available at D:/Xilinx/Vivado/2023.2/data/xhub/boards/XilinxBoardStore/boards/Xilinx/zcu670ld/1.0/board.xml as part xczu57dr-fsve1156-2-i specified in board_part file is either invalid or not available
open_project C:/Users/student/Documents/w5500StateMachine/w5500StateMachine.xpr
INFO: [Project 1-313] Project file moved from 'C:/Users/danie/w5500StateMachine' since last save.
CRITICAL WARNING: [Project 1-311] Could not find the file 'C:/Users/student/Documents/w5500StateMachine/transceive_unit_behav.wcfg', nor could it be found using path 'C:/Users/danie/w5500StateMachine/transceive_unit_behav.wcfg'.
Scanning sources...
Finished scanning sources
INFO: [IP_Flow 19-234] Refreshing IP repositories
INFO: [IP_Flow 19-1704] No user IP repositories specified
INFO: [IP_Flow 19-2313] Loaded Vivado IP repository 'D:/Xilinx/Vivado/2023.2/data/ip'.
open_project: Time (s): cpu = 00:00:12 ; elapsed = 00:00:16 . Memory (MB): peak = 1394.027 ; gain = 103.137
WARNING: [filemgmt 56-199] Attempt to get parsing info during refresh. "On-the-fly" syntax checking information may be incorrect. [C:\Users\student\Documents\w5500StateMachine\w5500StateMachine.srcs\sources_1\new\top.vhd:]
WARNING: [filemgmt 56-199] Attempt to get parsing info during refresh. "On-the-fly" syntax checking information may be incorrect. [C:\Users\student\Documents\w5500StateMachine\w5500StateMachine.srcs\sources_1\imports\Downloads\transceiveunit.vhd:]
ERROR: [Common 17-180] Spawn failed: No error
WARNING: [filemgmt 56-199] Attempt to get parsing info during refresh. "On-the-fly" syntax checking information may be incorrect. [C:\Users\student\Documents\w5500StateMachine\w5500StateMachine.srcs\sources_1\new\top.vhd:]
WARNING: [filemgmt 56-199] Attempt to get parsing info during refresh. "On-the-fly" syntax checking information may be incorrect. [C:\Users\student\Documents\w5500StateMachine\w5500StateMachine.srcs\sources_1\imports\Downloads\transceiveunit.vhd:]
ERROR: [Common 17-180] Spawn failed: No error
launch_simulation
Command: launch_simulation 
INFO: [Vivado 12-12493] Simulation top is 'transceive_unit'
WARNING: [Vivado 12-13340] Unable to auto find GCC executables from simulator install path! (path not set)
INFO: [Vivado 12-5698] Checking validity of IPs in the design for the 'XSim' simulator...
INFO: [Vivado 12-5682] Launching behavioral simulation in 'C:/Users/student/Documents/w5500StateMachine/w5500StateMachine.sim/sim_1/behav/xsim'
INFO: [Vivado 12-4795] Using compiled simulation libraries for IPs
INFO: [SIM-utils-51] Simulation object is 'sim_1'
INFO: [SIM-utils-72] Using boost library from 'D:/Xilinx/Vivado/2023.2/tps/boost_1_72_0'
INFO: [USF-XSim-7] Finding pre-compiled libraries...
INFO: [USF-XSim-11] File 'D:/Xilinx/Vivado/2023.2/data/xsim/xsim.ini' copied to run dir:'C:/Users/student/Documents/w5500StateMachine/w5500StateMachine.sim/sim_1/behav/xsim'
INFO: [SIM-utils-54] Inspecting design source files for 'transceive_unit' in fileset 'sim_1'...
INFO: [USF-XSim-97] Finding global include files...
INFO: [USF-XSim-100] Fetching design files from 'sources_1'...(this may take a while)...
INFO: [USF-XSim-101] Fetching design files from 'sim_1'...
INFO: [USF-XSim-2] XSim::Compile design
INFO: [USF-XSim-61] Executing 'COMPILE and ANALYZE' step in 'C:/Users/student/Documents/w5500StateMachine/w5500StateMachine.sim/sim_1/behav/xsim'
"xvlog --incr --relax -prj transceive_unit_vlog.prj"
INFO: [VRFC 10-2263] Analyzing Verilog file "C:/Users/student/Documents/w5500StateMachine/w5500StateMachine.sim/sim_1/behav/xsim/glbl.v" into library xil_defaultlib
INFO: [VRFC 10-311] analyzing module glbl
"xvhdl --incr --relax -prj transceive_unit_vhdl.prj"
INFO: [VRFC 10-163] Analyzing VHDL file "C:/Users/student/Documents/w5500StateMachine/w5500StateMachine.gen/sources_1/ip/ila_0/sim/ila_0.vhd" into library xil_defaultlib
INFO: [VRFC 10-3107] analyzing entity 'ila_0'
INFO: [VRFC 10-163] Analyzing VHDL file "C:/Users/student/Documents/w5500StateMachine/w5500StateMachine.srcs/sources_1/imports/Downloads/pwm.vhd" into library xil_defaultlib
INFO: [VRFC 10-3107] analyzing entity 'pwm'
INFO: [VRFC 10-163] Analyzing VHDL file "C:/Users/student/Documents/w5500StateMachine/w5500StateMachine.srcs/sources_1/imports/Downloads/spimaster.vhd" into library xil_defaultlib
INFO: [VRFC 10-3107] analyzing entity 'spi_master'
INFO: [VRFC 10-163] Analyzing VHDL file "C:/Users/student/Documents/w5500StateMachine/w5500StateMachine.srcs/sources_1/imports/Downloads/transceiveunit.vhd" into library xil_defaultlib
INFO: [VRFC 10-3107] analyzing entity 'transceive_unit'
INFO: [VRFC 10-163] Analyzing VHDL file "C:/Users/student/Documents/w5500StateMachine/w5500StateMachine.srcs/sources_1/new/top.vhd" into library xil_defaultlib
INFO: [VRFC 10-3107] analyzing entity 'top'
ERROR: [VRFC 10-3353] formal port 'tvalid' has no actual or default value [C:/Users/student/Documents/w5500StateMachine/w5500StateMachine.srcs/sources_1/new/top.vhd:123]
ERROR: [VRFC 10-9458] unit 'behavioral' is ignored due to previous errors [C:/Users/student/Documents/w5500StateMachine/w5500StateMachine.srcs/sources_1/new/top.vhd:49]
INFO: [VRFC 10-8704] VHDL file 'C:/Users/student/Documents/w5500StateMachine/w5500StateMachine.srcs/sources_1/new/top.vhd' is ignored due to errors
run_program: Time (s): cpu = 00:00:01 ; elapsed = 00:00:06 . Memory (MB): peak = 1650.039 ; gain = 0.000
INFO: [USF-XSim-69] 'compile' step finished in '5' seconds
INFO: [USF-XSim-99] Step results log file:'C:/Users/student/Documents/w5500StateMachine/w5500StateMachine.sim/sim_1/behav/xsim/xvhdl.log'
ERROR: [USF-XSim-62] 'compile' step failed with error(s). Please check the Tcl console output or 'C:/Users/student/Documents/w5500StateMachine/w5500StateMachine.sim/sim_1/behav/xsim/xvhdl.log' file for more information.
ERROR: [Vivado 12-4473] Detected error while running simulation. Please correct the issue and retry this operation.
launch_simulation: Time (s): cpu = 00:00:02 ; elapsed = 00:00:07 . Memory (MB): peak = 1650.039 ; gain = 0.000
ERROR: [Common 17-39] 'launch_simulation' failed due to earlier errors.
WARNING: [filemgmt 56-199] Attempt to get parsing info during refresh. "On-the-fly" syntax checking information may be incorrect. [C:\Users\student\Documents\w5500StateMachine\w5500StateMachine.srcs\sources_1\new\top.vhd:]
WARNING: [filemgmt 56-199] Attempt to get parsing info during refresh. "On-the-fly" syntax checking information may be incorrect. [C:\Users\student\Documents\w5500StateMachine\w5500StateMachine.srcs\sources_1\imports\Downloads\spimaster.vhd:]
WARNING: [filemgmt 56-199] Attempt to get parsing info during refresh. "On-the-fly" syntax checking information may be incorrect. [C:\Users\student\Documents\w5500StateMachine\w5500StateMachine.srcs\sources_1\imports\Downloads\transceiveunit.vhd:]
WARNING: [filemgmt 56-199] Attempt to get parsing info during refresh. "On-the-fly" syntax checking information may be incorrect. [C:\Users\student\Documents\w5500StateMachine\w5500StateMachine.srcs\sources_1\new\top.vhd:]
WARNING: [filemgmt 56-199] Attempt to get parsing info during refresh. "On-the-fly" syntax checking information may be incorrect. [C:\Users\student\Documents\w5500StateMachine\w5500StateMachine.srcs\sources_1\imports\Downloads\spimaster.vhd:]
WARNING: [filemgmt 56-199] Attempt to get parsing info during refresh. "On-the-fly" syntax checking information may be incorrect. [C:\Users\student\Documents\w5500StateMachine\w5500StateMachine.srcs\sources_1\imports\Downloads\transceiveunit.vhd:]
WARNING: [filemgmt 56-199] Attempt to get parsing info during refresh. "On-the-fly" syntax checking information may be incorrect. [C:\Users\student\Documents\w5500StateMachine\w5500StateMachine.srcs\sources_1\new\top.vhd:]
WARNING: [filemgmt 56-199] Attempt to get parsing info during refresh. "On-the-fly" syntax checking information may be incorrect. [C:\Users\student\Documents\w5500StateMachine\w5500StateMachine.srcs\sources_1\imports\Downloads\spimaster.vhd:]
WARNING: [filemgmt 56-199] Attempt to get parsing info during refresh. "On-the-fly" syntax checking information may be incorrect. [C:\Users\student\Documents\w5500StateMachine\w5500StateMachine.srcs\sources_1\imports\Downloads\transceiveunit.vhd:]
WARNING: [filemgmt 56-199] Attempt to get parsing info during refresh. "On-the-fly" syntax checking information may be incorrect. [C:\Users\student\Documents\w5500StateMachine\w5500StateMachine.srcs\sources_1\new\top.vhd:]
WARNING: [filemgmt 56-199] Attempt to get parsing info during refresh. "On-the-fly" syntax checking information may be incorrect. [C:\Users\student\Documents\w5500StateMachine\w5500StateMachine.srcs\sources_1\imports\Downloads\spimaster.vhd:]
WARNING: [filemgmt 56-199] Attempt to get parsing info during refresh. "On-the-fly" syntax checking information may be incorrect. [C:\Users\student\Documents\w5500StateMachine\w5500StateMachine.srcs\sources_1\imports\Downloads\transceiveunit.vhd:]
WARNING: [filemgmt 56-199] Attempt to get parsing info during refresh. "On-the-fly" syntax checking information may be incorrect. [C:\Users\student\Documents\w5500StateMachine\w5500StateMachine.srcs\sources_1\new\top.vhd:]
WARNING: [filemgmt 56-199] Attempt to get parsing info during refresh. "On-the-fly" syntax checking information may be incorrect. [C:\Users\student\Documents\w5500StateMachine\w5500StateMachine.srcs\sources_1\imports\Downloads\spimaster.vhd:]
WARNING: [filemgmt 56-199] Attempt to get parsing info during refresh. "On-the-fly" syntax checking information may be incorrect. [C:\Users\student\Documents\w5500StateMachine\w5500StateMachine.srcs\sources_1\imports\Downloads\transceiveunit.vhd:]
WARNING: [filemgmt 56-199] Attempt to get parsing info during refresh. "On-the-fly" syntax checking information may be incorrect. [C:\Users\student\Documents\w5500StateMachine\w5500StateMachine.srcs\sources_1\new\top.vhd:]
WARNING: [filemgmt 56-199] Attempt to get parsing info during refresh. "On-the-fly" syntax checking information may be incorrect. [C:\Users\student\Documents\w5500StateMachine\w5500StateMachine.srcs\sources_1\imports\Downloads\spimaster.vhd:]
WARNING: [filemgmt 56-199] Attempt to get parsing info during refresh. "On-the-fly" syntax checking information may be incorrect. [C:\Users\student\Documents\w5500StateMachine\w5500StateMachine.srcs\sources_1\imports\Downloads\transceiveunit.vhd:]
WARNING: [filemgmt 56-199] Attempt to get parsing info during refresh. "On-the-fly" syntax checking information may be incorrect. [C:\Users\student\Documents\w5500StateMachine\w5500StateMachine.srcs\sources_1\new\top.vhd:]
WARNING: [filemgmt 56-199] Attempt to get parsing info during refresh. "On-the-fly" syntax checking information may be incorrect. [C:\Users\student\Documents\w5500StateMachine\w5500StateMachine.srcs\sources_1\imports\Downloads\spimaster.vhd:]
WARNING: [filemgmt 56-199] Attempt to get parsing info during refresh. "On-the-fly" syntax checking information may be incorrect. [C:\Users\student\Documents\w5500StateMachine\w5500StateMachine.srcs\sources_1\imports\Downloads\transceiveunit.vhd:]
WARNING: [filemgmt 56-199] Attempt to get parsing info during refresh. "On-the-fly" syntax checking information may be incorrect. [C:\Users\student\Documents\w5500StateMachine\w5500StateMachine.srcs\sources_1\new\top.vhd:]
WARNING: [filemgmt 56-199] Attempt to get parsing info during refresh. "On-the-fly" syntax checking information may be incorrect. [C:\Users\student\Documents\w5500StateMachine\w5500StateMachine.srcs\sources_1\imports\Downloads\spimaster.vhd:]
WARNING: [filemgmt 56-199] Attempt to get parsing info during refresh. "On-the-fly" syntax checking information may be incorrect. [C:\Users\student\Documents\w5500StateMachine\w5500StateMachine.srcs\sources_1\imports\Downloads\transceiveunit.vhd:]
WARNING: [filemgmt 56-199] Attempt to get parsing info during refresh. "On-the-fly" syntax checking information may be incorrect. [C:\Users\student\Documents\w5500StateMachine\w5500StateMachine.srcs\sources_1\new\top.vhd:]
WARNING: [filemgmt 56-199] Attempt to get parsing info during refresh. "On-the-fly" syntax checking information may be incorrect. [C:\Users\student\Documents\w5500StateMachine\w5500StateMachine.srcs\sources_1\imports\Downloads\spimaster.vhd:]
WARNING: [filemgmt 56-199] Attempt to get parsing info during refresh. "On-the-fly" syntax checking information may be incorrect. [C:\Users\student\Documents\w5500StateMachine\w5500StateMachine.srcs\sources_1\imports\Downloads\transceiveunit.vhd:]
launch_simulation
Command: launch_simulation 
INFO: [Vivado 12-12493] Simulation top is 'transceive_unit'
WARNING: [Vivado 12-13340] Unable to auto find GCC executables from simulator install path! (path not set)
INFO: [Vivado 12-5698] Checking validity of IPs in the design for the 'XSim' simulator...
INFO: [Vivado 12-5682] Launching behavioral simulation in 'C:/Users/student/Documents/w5500StateMachine/w5500StateMachine.sim/sim_1/behav/xsim'
INFO: [Vivado 12-4795] Using compiled simulation libraries for IPs
INFO: [SIM-utils-51] Simulation object is 'sim_1'
INFO: [SIM-utils-72] Using boost library from 'D:/Xilinx/Vivado/2023.2/tps/boost_1_72_0'
INFO: [USF-XSim-7] Finding pre-compiled libraries...
INFO: [USF-XSim-11] File 'D:/Xilinx/Vivado/2023.2/data/xsim/xsim.ini' copied to run dir:'C:/Users/student/Documents/w5500StateMachine/w5500StateMachine.sim/sim_1/behav/xsim'
INFO: [SIM-utils-54] Inspecting design source files for 'transceive_unit' in fileset 'sim_1'...
INFO: [USF-XSim-97] Finding global include files...
INFO: [USF-XSim-100] Fetching design files from 'sources_1'...(this may take a while)...
INFO: [USF-XSim-101] Fetching design files from 'sim_1'...
INFO: [USF-XSim-2] XSim::Compile design
INFO: [USF-XSim-61] Executing 'COMPILE and ANALYZE' step in 'C:/Users/student/Documents/w5500StateMachine/w5500StateMachine.sim/sim_1/behav/xsim'
"xvlog --incr --relax -prj transceive_unit_vlog.prj"
"xvhdl --incr --relax -prj transceive_unit_vhdl.prj"
INFO: [VRFC 10-163] Analyzing VHDL file "C:/Users/student/Documents/w5500StateMachine/w5500StateMachine.gen/sources_1/ip/ila_0/sim/ila_0.vhd" into library xil_defaultlib
INFO: [VRFC 10-3107] analyzing entity 'ila_0'
INFO: [VRFC 10-163] Analyzing VHDL file "C:/Users/student/Documents/w5500StateMachine/w5500StateMachine.srcs/sources_1/imports/Downloads/pwm.vhd" into library xil_defaultlib
INFO: [VRFC 10-3107] analyzing entity 'pwm'
INFO: [VRFC 10-163] Analyzing VHDL file "C:/Users/student/Documents/w5500StateMachine/w5500StateMachine.srcs/sources_1/imports/Downloads/spimaster.vhd" into library xil_defaultlib
INFO: [VRFC 10-3107] analyzing entity 'spi_master'
INFO: [VRFC 10-163] Analyzing VHDL file "C:/Users/student/Documents/w5500StateMachine/w5500StateMachine.srcs/sources_1/imports/Downloads/transceiveunit.vhd" into library xil_defaultlib
INFO: [VRFC 10-3107] analyzing entity 'transceive_unit'
INFO: [VRFC 10-163] Analyzing VHDL file "C:/Users/student/Documents/w5500StateMachine/w5500StateMachine.srcs/sources_1/new/top.vhd" into library xil_defaultlib
INFO: [VRFC 10-3107] analyzing entity 'top'
INFO: [VRFC 10-163] Analyzing VHDL file "C:/Users/student/Documents/w5500StateMachine/w5500StateMachine.srcs/sources_1/new/spi_streamer.vhd" into library xil_defaultlib
INFO: [VRFC 10-3107] analyzing entity 'spi_streamer'
INFO: [USF-XSim-69] 'compile' step finished in '4' seconds
INFO: [USF-XSim-3] XSim::Elaborate design
INFO: [USF-XSim-61] Executing 'ELABORATE' step in 'C:/Users/student/Documents/w5500StateMachine/w5500StateMachine.sim/sim_1/behav/xsim'
"xelab --incr --debug typical --relax --mt 2 -L xil_defaultlib -L unisims_ver -L unimacro_ver -L secureip -L xpm --snapshot transceive_unit_behav xil_defaultlib.transceive_unit xil_defaultlib.glbl -log elaborate.log"
Vivado Simulator v2023.2
Copyright 1986-2022 Xilinx, Inc. All Rights Reserved.
Copyright 2022-2023 Advanced Micro Devices, Inc. All Rights Reserved.
Running: D:/Xilinx/Vivado/2023.2/bin/unwrapped/win64.o/xelab.exe --incr --debug typical --relax --mt 2 -L xil_defaultlib -L unisims_ver -L unimacro_ver -L secureip -L xpm --snapshot transceive_unit_behav xil_defaultlib.transceive_unit xil_defaultlib.glbl -log elaborate.log 
Using 2 slave threads.
Starting static elaboration
Pass Through NonSizing Optimizer
Completed static elaboration
Starting simulation data flow analysis
Completed simulation data flow analysis
Time Resolution for simulation is 1ps
Compiling package std.standard
Compiling package std.textio
Compiling package ieee.std_logic_1164
Compiling package ieee.numeric_std
Compiling module xil_defaultlib.glbl
Compiling architecture behavioral of entity xil_defaultlib.transceive_unit
Built simulation snapshot transceive_unit_behav
INFO: [USF-XSim-69] 'elaborate' step finished in '4' seconds
INFO: [USF-XSim-4] XSim::Simulate design
WARNING: [USF-XSim-17] WCFG file does not exist:C:/Users/student/Documents/w5500StateMachine/transceive_unit_behav.wcfg
WARNING: [USF-XSim-17] WCFG file does not exist:C:/Users/student/Documents/w5500StateMachine/transceive_unit_behav.wcfg
INFO: [USF-XSim-61] Executing 'SIMULATE' step in 'C:/Users/student/Documents/w5500StateMachine/w5500StateMachine.sim/sim_1/behav/xsim'
INFO: [USF-XSim-98] *** Running xsim
   with args "transceive_unit_behav -key {Behavioral:sim_1:Functional:transceive_unit} -tclbatch {transceive_unit.tcl} -log {simulate.log}"
INFO: [USF-XSim-8] Loading simulator feature
Time resolution is 1 ps
source transceive_unit.tcl
# set curr_wave [current_wave_config]
# if { [string length $curr_wave] == 0 } {
#   if { [llength [get_objects]] > 0} {
#     add_wave /
#     set_property needs_save false [current_wave_config]
#   } else {
#      send_msg_id Add_Wave-1 WARNING "No top level signals found. Simulator will start without a wave window. If you want to open a wave window go to 'File->New Waveform Configuration' or type 'create_wave_config' in the TCL console."
#   }
# }
# run 1000ns
INFO: [USF-XSim-96] XSim completed. Design snapshot 'transceive_unit_behav' loaded.
INFO: [USF-XSim-97] XSim simulation ran for 1000ns
launch_simulation: Time (s): cpu = 00:00:06 ; elapsed = 00:00:13 . Memory (MB): peak = 1650.039 ; gain = 0.000
create_ip -name axis_data_fifo -vendor xilinx.com -library ip -version 2.0 -module_name axis_data_fifo_0
set_property -dict [list \
  CONFIG.FIFO_DEPTH {16} \
  CONFIG.HAS_PROG_EMPTY {0} \
  CONFIG.HAS_PROG_FULL {0} \
  CONFIG.TDATA_NUM_BYTES {4} \
] [get_ips axis_data_fifo_0]
generate_target {instantiation_template} [get_files c:/Users/student/Documents/w5500StateMachine/w5500StateMachine.srcs/sources_1/ip/axis_data_fifo_0/axis_data_fifo_0.xci]
INFO: [IP_Flow 19-1686] Generating 'Instantiation Template' target for IP 'axis_data_fifo_0'...
WARNING: [filemgmt 56-199] Attempt to get parsing info during refresh. "On-the-fly" syntax checking information may be incorrect. [C:\Users\student\Documents\w5500StateMachine\w5500StateMachine.srcs\sources_1\new\top.vhd:]
WARNING: [filemgmt 56-199] Attempt to get parsing info during refresh. "On-the-fly" syntax checking information may be incorrect. [C:\Users\student\Documents\w5500StateMachine\w5500StateMachine.srcs\sources_1\imports\Downloads\spimaster.vhd:]
WARNING: [filemgmt 56-199] Attempt to get parsing info during refresh. "On-the-fly" syntax checking information may be incorrect. [C:\Users\student\Documents\w5500StateMachine\w5500StateMachine.srcs\sources_1\imports\Downloads\transceiveunit.vhd:]
WARNING: [filemgmt 56-199] Attempt to get parsing info during refresh. "On-the-fly" syntax checking information may be incorrect. [C:\Users\student\Documents\w5500StateMachine\w5500StateMachine.srcs\sources_1\new\top.vhd:]
WARNING: [filemgmt 56-199] Attempt to get parsing info during refresh. "On-the-fly" syntax checking information may be incorrect. [C:\Users\student\Documents\w5500StateMachine\w5500StateMachine.srcs\sources_1\imports\Downloads\spimaster.vhd:]
WARNING: [filemgmt 56-199] Attempt to get parsing info during refresh. "On-the-fly" syntax checking information may be incorrect. [C:\Users\student\Documents\w5500StateMachine\w5500StateMachine.srcs\sources_1\imports\Downloads\transceiveunit.vhd:]
WARNING: [filemgmt 56-199] Attempt to get parsing info during refresh. "On-the-fly" syntax checking information may be incorrect. [C:\Users\student\Documents\w5500StateMachine\w5500StateMachine.srcs\sources_1\new\top.vhd:]
WARNING: [filemgmt 56-199] Attempt to get parsing info during refresh. "On-the-fly" syntax checking information may be incorrect. [C:\Users\student\Documents\w5500StateMachine\w5500StateMachine.srcs\sources_1\imports\Downloads\spimaster.vhd:]
WARNING: [filemgmt 56-199] Attempt to get parsing info during refresh. "On-the-fly" syntax checking information may be incorrect. [C:\Users\student\Documents\w5500StateMachine\w5500StateMachine.srcs\sources_1\imports\Downloads\transceiveunit.vhd:]
WARNING: [filemgmt 56-199] Attempt to get parsing info during refresh. "On-the-fly" syntax checking information may be incorrect. [C:\Users\student\Documents\w5500StateMachine\w5500StateMachine.srcs\sources_1\new\top.vhd:]
WARNING: [filemgmt 56-199] Attempt to get parsing info during refresh. "On-the-fly" syntax checking information may be incorrect. [C:\Users\student\Documents\w5500StateMachine\w5500StateMachine.srcs\sources_1\imports\Downloads\spimaster.vhd:]
WARNING: [filemgmt 56-199] Attempt to get parsing info during refresh. "On-the-fly" syntax checking information may be incorrect. [C:\Users\student\Documents\w5500StateMachine\w5500StateMachine.srcs\sources_1\imports\Downloads\transceiveunit.vhd:]
generate_target all [get_files  c:/Users/student/Documents/w5500StateMachine/w5500StateMachine.srcs/sources_1/ip/axis_data_fifo_0/axis_data_fifo_0.xci]
INFO: [IP_Flow 19-1686] Generating 'Synthesis' target for IP 'axis_data_fifo_0'...
INFO: [IP_Flow 19-1686] Generating 'Simulation' target for IP 'axis_data_fifo_0'...
INFO: [IP_Flow 19-1686] Generating 'Change Log' target for IP 'axis_data_fifo_0'...
catch { config_ip_cache -export [get_ips -all axis_data_fifo_0] }
INFO: [IP_Flow 19-6924] IPCACHE: Running cache check for IP inst: axis_data_fifo_0
export_ip_user_files -of_objects [get_files c:/Users/student/Documents/w5500StateMachine/w5500StateMachine.srcs/sources_1/ip/axis_data_fifo_0/axis_data_fifo_0.xci] -no_script -sync -force -quiet
create_ip_run [get_files -of_objects [get_fileset sources_1] c:/Users/student/Documents/w5500StateMachine/w5500StateMachine.srcs/sources_1/ip/axis_data_fifo_0/axis_data_fifo_0.xci]
launch_runs axis_data_fifo_0_synth_1 -jobs 4
INFO: [IP_Flow 19-6924] IPCACHE: Running cache check for IP inst: axis_data_fifo_0
[Wed Oct  2 09:38:55 2024] Launched axis_data_fifo_0_synth_1...
Run output will be captured here: C:/Users/student/Documents/w5500StateMachine/w5500StateMachine.runs/axis_data_fifo_0_synth_1/runme.log
export_simulation -of_objects [get_files c:/Users/student/Documents/w5500StateMachine/w5500StateMachine.srcs/sources_1/ip/axis_data_fifo_0/axis_data_fifo_0.xci] -directory C:/Users/student/Documents/w5500StateMachine/w5500StateMachine.ip_user_files/sim_scripts -ip_user_files_dir C:/Users/student/Documents/w5500StateMachine/w5500StateMachine.ip_user_files -ipstatic_source_dir C:/Users/student/Documents/w5500StateMachine/w5500StateMachine.ip_user_files/ipstatic -lib_map_path [list {modelsim=C:/Users/student/Documents/w5500StateMachine/w5500StateMachine.cache/compile_simlib/modelsim} {questa=C:/Users/student/Documents/w5500StateMachine/w5500StateMachine.cache/compile_simlib/questa} {riviera=C:/Users/student/Documents/w5500StateMachine/w5500StateMachine.cache/compile_simlib/riviera} {activehdl=C:/Users/student/Documents/w5500StateMachine/w5500StateMachine.cache/compile_simlib/activehdl}] -use_ip_compiled_libs -force -quiet
WARNING: [filemgmt 56-199] Attempt to get parsing info during refresh. "On-the-fly" syntax checking information may be incorrect. [C:\Users\student\Documents\w5500StateMachine\w5500StateMachine.srcs\sources_1\new\top.vhd:]
WARNING: [filemgmt 56-199] Attempt to get parsing info during refresh. "On-the-fly" syntax checking information may be incorrect. [C:\Users\student\Documents\w5500StateMachine\w5500StateMachine.srcs\sources_1\imports\Downloads\spimaster.vhd:]
WARNING: [filemgmt 56-199] Attempt to get parsing info during refresh. "On-the-fly" syntax checking information may be incorrect. [C:\Users\student\Documents\w5500StateMachine\w5500StateMachine.srcs\sources_1\imports\Downloads\transceiveunit.vhd:]
WARNING: [filemgmt 56-199] Attempt to get parsing info during refresh. "On-the-fly" syntax checking information may be incorrect. [C:\Users\student\Documents\w5500StateMachine\w5500StateMachine.srcs\sources_1\new\top.vhd:]
WARNING: [filemgmt 56-199] Attempt to get parsing info during refresh. "On-the-fly" syntax checking information may be incorrect. [C:\Users\student\Documents\w5500StateMachine\w5500StateMachine.srcs\sources_1\imports\Downloads\spimaster.vhd:]
WARNING: [filemgmt 56-199] Attempt to get parsing info during refresh. "On-the-fly" syntax checking information may be incorrect. [C:\Users\student\Documents\w5500StateMachine\w5500StateMachine.srcs\sources_1\imports\Downloads\transceiveunit.vhd:]
add_force {/transceive_unit/clk} -radix hex {0 0ns} {1 50000ps} -repeat_every 100000ps
add_force {/transceive_unit/TVALID} -radix hex {1 0ns}
add_force {/transceive_unit/tx_data} -radix hex {AB 0ns}
run 100 us
create_ip -name axis_dwidth_converter -vendor xilinx.com -library ip -version 1.1 -module_name axis_dwidth_converter_0
set_property -dict [list \
  CONFIG.HAS_TLAST {1} \
  CONFIG.M_TDATA_NUM_BYTES {1} \
  CONFIG.S_TDATA_NUM_BYTES {4} \
] [get_ips axis_dwidth_converter_0]
generate_target {instantiation_template} [get_files c:/Users/student/Documents/w5500StateMachine/w5500StateMachine.srcs/sources_1/ip/axis_dwidth_converter_0/axis_dwidth_converter_0.xci]
INFO: [IP_Flow 19-1686] Generating 'Instantiation Template' target for IP 'axis_dwidth_converter_0'...
WARNING: [filemgmt 56-199] Attempt to get parsing info during refresh. "On-the-fly" syntax checking information may be incorrect. [C:\Users\student\Documents\w5500StateMachine\w5500StateMachine.srcs\sources_1\new\top.vhd:]
WARNING: [filemgmt 56-199] Attempt to get parsing info during refresh. "On-the-fly" syntax checking information may be incorrect. [C:\Users\student\Documents\w5500StateMachine\w5500StateMachine.srcs\sources_1\imports\Downloads\spimaster.vhd:]
WARNING: [filemgmt 56-199] Attempt to get parsing info during refresh. "On-the-fly" syntax checking information may be incorrect. [C:\Users\student\Documents\w5500StateMachine\w5500StateMachine.srcs\sources_1\imports\Downloads\transceiveunit.vhd:]
WARNING: [filemgmt 56-199] Attempt to get parsing info during refresh. "On-the-fly" syntax checking information may be incorrect. [C:\Users\student\Documents\w5500StateMachine\w5500StateMachine.srcs\sources_1\new\top.vhd:]
WARNING: [filemgmt 56-199] Attempt to get parsing info during refresh. "On-the-fly" syntax checking information may be incorrect. [C:\Users\student\Documents\w5500StateMachine\w5500StateMachine.srcs\sources_1\imports\Downloads\spimaster.vhd:]
WARNING: [filemgmt 56-199] Attempt to get parsing info during refresh. "On-the-fly" syntax checking information may be incorrect. [C:\Users\student\Documents\w5500StateMachine\w5500StateMachine.srcs\sources_1\imports\Downloads\transceiveunit.vhd:]
generate_target all [get_files  c:/Users/student/Documents/w5500StateMachine/w5500StateMachine.srcs/sources_1/ip/axis_dwidth_converter_0/axis_dwidth_converter_0.xci]
INFO: [IP_Flow 19-1686] Generating 'Synthesis' target for IP 'axis_dwidth_converter_0'...
INFO: [IP_Flow 19-1686] Generating 'Simulation' target for IP 'axis_dwidth_converter_0'...
INFO: [IP_Flow 19-1686] Generating 'Change Log' target for IP 'axis_dwidth_converter_0'...
catch { config_ip_cache -export [get_ips -all axis_dwidth_converter_0] }
INFO: [IP_Flow 19-6924] IPCACHE: Running cache check for IP inst: axis_dwidth_converter_0
export_ip_user_files -of_objects [get_files c:/Users/student/Documents/w5500StateMachine/w5500StateMachine.srcs/sources_1/ip/axis_dwidth_converter_0/axis_dwidth_converter_0.xci] -no_script -sync -force -quiet
create_ip_run [get_files -of_objects [get_fileset sources_1] c:/Users/student/Documents/w5500StateMachine/w5500StateMachine.srcs/sources_1/ip/axis_dwidth_converter_0/axis_dwidth_converter_0.xci]
launch_runs axis_dwidth_converter_0_synth_1 -jobs 4
INFO: [IP_Flow 19-6924] IPCACHE: Running cache check for IP inst: axis_dwidth_converter_0
[Wed Oct  2 10:24:50 2024] Launched axis_dwidth_converter_0_synth_1...
Run output will be captured here: C:/Users/student/Documents/w5500StateMachine/w5500StateMachine.runs/axis_dwidth_converter_0_synth_1/runme.log
export_simulation -of_objects [get_files c:/Users/student/Documents/w5500StateMachine/w5500StateMachine.srcs/sources_1/ip/axis_dwidth_converter_0/axis_dwidth_converter_0.xci] -directory C:/Users/student/Documents/w5500StateMachine/w5500StateMachine.ip_user_files/sim_scripts -ip_user_files_dir C:/Users/student/Documents/w5500StateMachine/w5500StateMachine.ip_user_files -ipstatic_source_dir C:/Users/student/Documents/w5500StateMachine/w5500StateMachine.ip_user_files/ipstatic -lib_map_path [list {modelsim=C:/Users/student/Documents/w5500StateMachine/w5500StateMachine.cache/compile_simlib/modelsim} {questa=C:/Users/student/Documents/w5500StateMachine/w5500StateMachine.cache/compile_simlib/questa} {riviera=C:/Users/student/Documents/w5500StateMachine/w5500StateMachine.cache/compile_simlib/riviera} {activehdl=C:/Users/student/Documents/w5500StateMachine/w5500StateMachine.cache/compile_simlib/activehdl}] -use_ip_compiled_libs -force -quiet
WARNING: [filemgmt 56-199] Attempt to get parsing info during refresh. "On-the-fly" syntax checking information may be incorrect. [C:\Users\student\Documents\w5500StateMachine\w5500StateMachine.srcs\sources_1\new\top.vhd:]
WARNING: [filemgmt 56-199] Attempt to get parsing info during refresh. "On-the-fly" syntax checking information may be incorrect. [C:\Users\student\Documents\w5500StateMachine\w5500StateMachine.srcs\sources_1\imports\Downloads\spimaster.vhd:]
WARNING: [filemgmt 56-199] Attempt to get parsing info during refresh. "On-the-fly" syntax checking information may be incorrect. [C:\Users\student\Documents\w5500StateMachine\w5500StateMachine.srcs\sources_1\imports\Downloads\transceiveunit.vhd:]
WARNING: [filemgmt 56-199] Attempt to get parsing info during refresh. "On-the-fly" syntax checking information may be incorrect. [C:\Users\student\Documents\w5500StateMachine\w5500StateMachine.srcs\sources_1\new\top.vhd:]
WARNING: [filemgmt 56-199] Attempt to get parsing info during refresh. "On-the-fly" syntax checking information may be incorrect. [C:\Users\student\Documents\w5500StateMachine\w5500StateMachine.srcs\sources_1\imports\Downloads\spimaster.vhd:]
WARNING: [filemgmt 56-199] Attempt to get parsing info during refresh. "On-the-fly" syntax checking information may be incorrect. [C:\Users\student\Documents\w5500StateMachine\w5500StateMachine.srcs\sources_1\imports\Downloads\transceiveunit.vhd:]
create_ip -name axis_combiner -vendor xilinx.com -library ip -version 1.1 -module_name axis_combiner_0
generate_target {instantiation_template} [get_files c:/Users/student/Documents/w5500StateMachine/w5500StateMachine.srcs/sources_1/ip/axis_combiner_0/axis_combiner_0.xci]
INFO: [IP_Flow 19-1686] Generating 'Instantiation Template' target for IP 'axis_combiner_0'...
WARNING: [filemgmt 56-199] Attempt to get parsing info during refresh. "On-the-fly" syntax checking information may be incorrect. [C:\Users\student\Documents\w5500StateMachine\w5500StateMachine.srcs\sources_1\new\top.vhd:]
WARNING: [filemgmt 56-199] Attempt to get parsing info during refresh. "On-the-fly" syntax checking information may be incorrect. [C:\Users\student\Documents\w5500StateMachine\w5500StateMachine.srcs\sources_1\imports\Downloads\spimaster.vhd:]
WARNING: [filemgmt 56-199] Attempt to get parsing info during refresh. "On-the-fly" syntax checking information may be incorrect. [C:\Users\student\Documents\w5500StateMachine\w5500StateMachine.srcs\sources_1\imports\Downloads\transceiveunit.vhd:]
WARNING: [filemgmt 56-199] Attempt to get parsing info during refresh. "On-the-fly" syntax checking information may be incorrect. [C:\Users\student\Documents\w5500StateMachine\w5500StateMachine.srcs\sources_1\new\top.vhd:]
WARNING: [filemgmt 56-199] Attempt to get parsing info during refresh. "On-the-fly" syntax checking information may be incorrect. [C:\Users\student\Documents\w5500StateMachine\w5500StateMachine.srcs\sources_1\imports\Downloads\spimaster.vhd:]
WARNING: [filemgmt 56-199] Attempt to get parsing info during refresh. "On-the-fly" syntax checking information may be incorrect. [C:\Users\student\Documents\w5500StateMachine\w5500StateMachine.srcs\sources_1\imports\Downloads\transceiveunit.vhd:]
generate_target all [get_files  c:/Users/student/Documents/w5500StateMachine/w5500StateMachine.srcs/sources_1/ip/axis_combiner_0/axis_combiner_0.xci]
INFO: [IP_Flow 19-1686] Generating 'Synthesis' target for IP 'axis_combiner_0'...
INFO: [IP_Flow 19-1686] Generating 'Simulation' target for IP 'axis_combiner_0'...
INFO: [IP_Flow 19-1686] Generating 'Change Log' target for IP 'axis_combiner_0'...
catch { config_ip_cache -export [get_ips -all axis_combiner_0] }
INFO: [IP_Flow 19-6924] IPCACHE: Running cache check for IP inst: axis_combiner_0
export_ip_user_files -of_objects [get_files c:/Users/student/Documents/w5500StateMachine/w5500StateMachine.srcs/sources_1/ip/axis_combiner_0/axis_combiner_0.xci] -no_script -sync -force -quiet
create_ip_run [get_files -of_objects [get_fileset sources_1] c:/Users/student/Documents/w5500StateMachine/w5500StateMachine.srcs/sources_1/ip/axis_combiner_0/axis_combiner_0.xci]
launch_runs axis_combiner_0_synth_1 -jobs 4
INFO: [IP_Flow 19-6924] IPCACHE: Running cache check for IP inst: axis_combiner_0
[Wed Oct  2 10:31:27 2024] Launched axis_combiner_0_synth_1...
Run output will be captured here: C:/Users/student/Documents/w5500StateMachine/w5500StateMachine.runs/axis_combiner_0_synth_1/runme.log
export_simulation -of_objects [get_files c:/Users/student/Documents/w5500StateMachine/w5500StateMachine.srcs/sources_1/ip/axis_combiner_0/axis_combiner_0.xci] -directory C:/Users/student/Documents/w5500StateMachine/w5500StateMachine.ip_user_files/sim_scripts -ip_user_files_dir C:/Users/student/Documents/w5500StateMachine/w5500StateMachine.ip_user_files -ipstatic_source_dir C:/Users/student/Documents/w5500StateMachine/w5500StateMachine.ip_user_files/ipstatic -lib_map_path [list {modelsim=C:/Users/student/Documents/w5500StateMachine/w5500StateMachine.cache/compile_simlib/modelsim} {questa=C:/Users/student/Documents/w5500StateMachine/w5500StateMachine.cache/compile_simlib/questa} {riviera=C:/Users/student/Documents/w5500StateMachine/w5500StateMachine.cache/compile_simlib/riviera} {activehdl=C:/Users/student/Documents/w5500StateMachine/w5500StateMachine.cache/compile_simlib/activehdl}] -use_ip_compiled_libs -force -quiet
export_ip_user_files -of_objects  [get_files c:/Users/student/Documents/w5500StateMachine/w5500StateMachine.srcs/sources_1/ip/axis_combiner_0/axis_combiner_0.xci] -no_script -reset -force -quiet
remove_files  -fileset axis_combiner_0 c:/Users/student/Documents/w5500StateMachine/w5500StateMachine.srcs/sources_1/ip/axis_combiner_0/axis_combiner_0.xci
WARNING: [Vivado 12-1017] Problems encountered:
1. Failed to delete one or more files in run directory C:/Users/student/Documents/w5500StateMachine/w5500StateMachine.runs/axis_combiner_0_synth_1

INFO: [Project 1-386] Moving file 'c:/Users/student/Documents/w5500StateMachine/w5500StateMachine.srcs/sources_1/ip/axis_combiner_0/axis_combiner_0.xci' from fileset 'axis_combiner_0' to fileset 'sources_1'.
file delete -force c:/Users/student/Documents/w5500StateMachine/w5500StateMachine.srcs/sources_1/ip/axis_combiner_0
file delete -force c:/Users/student/Documents/w5500StateMachine/w5500StateMachine.gen/sources_1/ip/axis_combiner_0
WARNING: [filemgmt 56-199] Attempt to get parsing info during refresh. "On-the-fly" syntax checking information may be incorrect. [C:\Users\student\Documents\w5500StateMachine\w5500StateMachine.srcs\sources_1\new\top.vhd:]
WARNING: [filemgmt 56-199] Attempt to get parsing info during refresh. "On-the-fly" syntax checking information may be incorrect. [C:\Users\student\Documents\w5500StateMachine\w5500StateMachine.srcs\sources_1\imports\Downloads\spimaster.vhd:]
WARNING: [filemgmt 56-199] Attempt to get parsing info during refresh. "On-the-fly" syntax checking information may be incorrect. [C:\Users\student\Documents\w5500StateMachine\w5500StateMachine.srcs\sources_1\imports\Downloads\transceiveunit.vhd:]
WARNING: [filemgmt 56-199] Attempt to get parsing info during refresh. "On-the-fly" syntax checking information may be incorrect. [C:\Users\student\Documents\w5500StateMachine\w5500StateMachine.srcs\sources_1\new\top.vhd:]
WARNING: [filemgmt 56-199] Attempt to get parsing info during refresh. "On-the-fly" syntax checking information may be incorrect. [C:\Users\student\Documents\w5500StateMachine\w5500StateMachine.srcs\sources_1\imports\Downloads\spimaster.vhd:]
WARNING: [filemgmt 56-199] Attempt to get parsing info during refresh. "On-the-fly" syntax checking information may be incorrect. [C:\Users\student\Documents\w5500StateMachine\w5500StateMachine.srcs\sources_1\imports\Downloads\transceiveunit.vhd:]
WARNING: [filemgmt 56-199] Attempt to get parsing info during refresh. "On-the-fly" syntax checking information may be incorrect. [C:\Users\student\Documents\w5500StateMachine\w5500StateMachine.srcs\sources_1\new\top.vhd:]
WARNING: [filemgmt 56-199] Attempt to get parsing info during refresh. "On-the-fly" syntax checking information may be incorrect. [C:\Users\student\Documents\w5500StateMachine\w5500StateMachine.srcs\sources_1\imports\Downloads\spimaster.vhd:]
WARNING: [filemgmt 56-199] Attempt to get parsing info during refresh. "On-the-fly" syntax checking information may be incorrect. [C:\Users\student\Documents\w5500StateMachine\w5500StateMachine.srcs\sources_1\imports\Downloads\transceiveunit.vhd:]
WARNING: [filemgmt 56-199] Attempt to get parsing info during refresh. "On-the-fly" syntax checking information may be incorrect. [C:\Users\student\Documents\w5500StateMachine\w5500StateMachine.srcs\sources_1\new\top.vhd:]
WARNING: [filemgmt 56-199] Attempt to get parsing info during refresh. "On-the-fly" syntax checking information may be incorrect. [C:\Users\student\Documents\w5500StateMachine\w5500StateMachine.srcs\sources_1\imports\Downloads\spimaster.vhd:]
WARNING: [filemgmt 56-199] Attempt to get parsing info during refresh. "On-the-fly" syntax checking information may be incorrect. [C:\Users\student\Documents\w5500StateMachine\w5500StateMachine.srcs\sources_1\imports\Downloads\transceiveunit.vhd:]
ERROR: [Common 17-180] Spawn failed: No error
WARNING: [filemgmt 56-199] Attempt to get parsing info during refresh. "On-the-fly" syntax checking information may be incorrect. [C:\Users\student\Documents\w5500StateMachine\w5500StateMachine.srcs\sources_1\new\top.vhd:]
WARNING: [filemgmt 56-199] Attempt to get parsing info during refresh. "On-the-fly" syntax checking information may be incorrect. [C:\Users\student\Documents\w5500StateMachine\w5500StateMachine.srcs\sources_1\imports\Downloads\spimaster.vhd:]
WARNING: [filemgmt 56-199] Attempt to get parsing info during refresh. "On-the-fly" syntax checking information may be incorrect. [C:\Users\student\Documents\w5500StateMachine\w5500StateMachine.srcs\sources_1\imports\Downloads\transceiveunit.vhd:]
WARNING: [filemgmt 56-199] Attempt to get parsing info during refresh. "On-the-fly" syntax checking information may be incorrect. [C:\Users\student\Documents\w5500StateMachine\w5500StateMachine.srcs\sources_1\new\top.vhd:]
WARNING: [filemgmt 56-199] Attempt to get parsing info during refresh. "On-the-fly" syntax checking information may be incorrect. [C:\Users\student\Documents\w5500StateMachine\w5500StateMachine.srcs\sources_1\imports\Downloads\spimaster.vhd:]
WARNING: [filemgmt 56-199] Attempt to get parsing info during refresh. "On-the-fly" syntax checking information may be incorrect. [C:\Users\student\Documents\w5500StateMachine\w5500StateMachine.srcs\sources_1\imports\Downloads\transceiveunit.vhd:]
ERROR: [Common 17-180] Spawn failed: No error
WARNING: [filemgmt 56-199] Attempt to get parsing info during refresh. "On-the-fly" syntax checking information may be incorrect. [C:\Users\student\Documents\w5500StateMachine\w5500StateMachine.srcs\sources_1\new\top.vhd:]
WARNING: [filemgmt 56-199] Attempt to get parsing info during refresh. "On-the-fly" syntax checking information may be incorrect. [C:\Users\student\Documents\w5500StateMachine\w5500StateMachine.srcs\sources_1\imports\Downloads\spimaster.vhd:]
WARNING: [filemgmt 56-199] Attempt to get parsing info during refresh. "On-the-fly" syntax checking information may be incorrect. [C:\Users\student\Documents\w5500StateMachine\w5500StateMachine.srcs\sources_1\imports\Downloads\transceiveunit.vhd:]
WARNING: [filemgmt 56-199] Attempt to get parsing info during refresh. "On-the-fly" syntax checking information may be incorrect. [C:\Users\student\Documents\w5500StateMachine\w5500StateMachine.srcs\sources_1\new\top.vhd:]
WARNING: [filemgmt 56-199] Attempt to get parsing info during refresh. "On-the-fly" syntax checking information may be incorrect. [C:\Users\student\Documents\w5500StateMachine\w5500StateMachine.srcs\sources_1\imports\Downloads\spimaster.vhd:]
WARNING: [filemgmt 56-199] Attempt to get parsing info during refresh. "On-the-fly" syntax checking information may be incorrect. [C:\Users\student\Documents\w5500StateMachine\w5500StateMachine.srcs\sources_1\imports\Downloads\transceiveunit.vhd:]
ERROR: [Common 17-180] Spawn failed: No error
WARNING: [filemgmt 56-199] Attempt to get parsing info during refresh. "On-the-fly" syntax checking information may be incorrect. [C:\Users\student\Documents\w5500StateMachine\w5500StateMachine.srcs\sources_1\new\top.vhd:]
WARNING: [filemgmt 56-199] Attempt to get parsing info during refresh. "On-the-fly" syntax checking information may be incorrect. [C:\Users\student\Documents\w5500StateMachine\w5500StateMachine.srcs\sources_1\imports\Downloads\spimaster.vhd:]
WARNING: [filemgmt 56-199] Attempt to get parsing info during refresh. "On-the-fly" syntax checking information may be incorrect. [C:\Users\student\Documents\w5500StateMachine\w5500StateMachine.srcs\sources_1\imports\Downloads\transceiveunit.vhd:]
WARNING: [filemgmt 56-199] Attempt to get parsing info during refresh. "On-the-fly" syntax checking information may be incorrect. [C:\Users\student\Documents\w5500StateMachine\w5500StateMachine.srcs\sources_1\new\top.vhd:]
WARNING: [filemgmt 56-199] Attempt to get parsing info during refresh. "On-the-fly" syntax checking information may be incorrect. [C:\Users\student\Documents\w5500StateMachine\w5500StateMachine.srcs\sources_1\imports\Downloads\spimaster.vhd:]
WARNING: [filemgmt 56-199] Attempt to get parsing info during refresh. "On-the-fly" syntax checking information may be incorrect. [C:\Users\student\Documents\w5500StateMachine\w5500StateMachine.srcs\sources_1\imports\Downloads\transceiveunit.vhd:]
WARNING: [filemgmt 56-199] Attempt to get parsing info during refresh. "On-the-fly" syntax checking information may be incorrect. [C:\Users\student\Documents\w5500StateMachine\w5500StateMachine.srcs\sources_1\new\top.vhd:]
WARNING: [filemgmt 56-199] Attempt to get parsing info during refresh. "On-the-fly" syntax checking information may be incorrect. [C:\Users\student\Documents\w5500StateMachine\w5500StateMachine.srcs\sources_1\imports\Downloads\spimaster.vhd:]
WARNING: [filemgmt 56-199] Attempt to get parsing info during refresh. "On-the-fly" syntax checking information may be incorrect. [C:\Users\student\Documents\w5500StateMachine\w5500StateMachine.srcs\sources_1\imports\Downloads\transceiveunit.vhd:]
WARNING: [filemgmt 56-199] Attempt to get parsing info during refresh. "On-the-fly" syntax checking information may be incorrect. [C:\Users\student\Documents\w5500StateMachine\w5500StateMachine.srcs\sources_1\new\top.vhd:]
WARNING: [filemgmt 56-199] Attempt to get parsing info during refresh. "On-the-fly" syntax checking information may be incorrect. [C:\Users\student\Documents\w5500StateMachine\w5500StateMachine.srcs\sources_1\imports\Downloads\spimaster.vhd:]
WARNING: [filemgmt 56-199] Attempt to get parsing info during refresh. "On-the-fly" syntax checking information may be incorrect. [C:\Users\student\Documents\w5500StateMachine\w5500StateMachine.srcs\sources_1\imports\Downloads\transceiveunit.vhd:]
close_sim
INFO: [Simtcl 6-16] Simulation closed
launch_simulation
Command: launch_simulation 
INFO: [Vivado 12-12493] Simulation top is 'transceive_unit'
WARNING: [Vivado 12-13340] Unable to auto find GCC executables from simulator install path! (path not set)
INFO: [Vivado 12-12490] The selected simulation model for 'axis_data_fifo_0' IP changed to 'rtl' from '', the simulation run directory will be deleted.
INFO: [Vivado 12-5698] Checking validity of IPs in the design for the 'XSim' simulator...
INFO: [Vivado 12-5682] Launching behavioral simulation in 'C:/Users/student/Documents/w5500StateMachine/w5500StateMachine.sim/sim_1/behav/xsim'
INFO: [Vivado 12-4795] Using compiled simulation libraries for IPs
INFO: [SIM-utils-51] Simulation object is 'sim_1'
INFO: [SIM-utils-72] Using boost library from 'D:/Xilinx/Vivado/2023.2/tps/boost_1_72_0'
INFO: [USF-XSim-7] Finding pre-compiled libraries...
INFO: [USF-XSim-11] File 'D:/Xilinx/Vivado/2023.2/data/xsim/xsim.ini' copied to run dir:'C:/Users/student/Documents/w5500StateMachine/w5500StateMachine.sim/sim_1/behav/xsim'
INFO: [SIM-utils-54] Inspecting design source files for 'transceive_unit' in fileset 'sim_1'...
INFO: [USF-XSim-97] Finding global include files...
INFO: [USF-XSim-100] Fetching design files from 'sources_1'...(this may take a while)...
INFO: [USF-XSim-101] Fetching design files from 'sim_1'...
INFO: [USF-XSim-2] XSim::Compile design
INFO: [USF-XSim-61] Executing 'COMPILE and ANALYZE' step in 'C:/Users/student/Documents/w5500StateMachine/w5500StateMachine.sim/sim_1/behav/xsim'
"xvlog --incr --relax -prj transceive_unit_vlog.prj"
INFO: [VRFC 10-2263] Analyzing Verilog file "C:/Users/student/Documents/w5500StateMachine/w5500StateMachine.gen/sources_1/ip/axis_data_fifo_0/sim/axis_data_fifo_0.v" into library xil_defaultlib
INFO: [VRFC 10-311] analyzing module axis_data_fifo_0
INFO: [VRFC 10-2263] Analyzing Verilog file "C:/Users/student/Documents/w5500StateMachine/w5500StateMachine.gen/sources_1/ip/axis_dwidth_converter_0/sim/axis_dwidth_converter_0.v" into library xil_defaultlib
INFO: [VRFC 10-311] analyzing module axis_dwidth_converter_0
INFO: [VRFC 10-2263] Analyzing Verilog file "C:/Users/student/Documents/w5500StateMachine/w5500StateMachine.sim/sim_1/behav/xsim/glbl.v" into library xil_defaultlib
INFO: [VRFC 10-311] analyzing module glbl
"xvhdl --incr --relax -prj transceive_unit_vhdl.prj"
INFO: [VRFC 10-163] Analyzing VHDL file "C:/Users/student/Documents/w5500StateMachine/w5500StateMachine.gen/sources_1/ip/ila_0/sim/ila_0.vhd" into library xil_defaultlib
INFO: [VRFC 10-3107] analyzing entity 'ila_0'
INFO: [VRFC 10-163] Analyzing VHDL file "C:/Users/student/Documents/w5500StateMachine/w5500StateMachine.srcs/sources_1/imports/Downloads/pwm.vhd" into library xil_defaultlib
INFO: [VRFC 10-3107] analyzing entity 'pwm'
INFO: [VRFC 10-163] Analyzing VHDL file "C:/Users/student/Documents/w5500StateMachine/w5500StateMachine.srcs/sources_1/imports/Downloads/spimaster.vhd" into library xil_defaultlib
INFO: [VRFC 10-3107] analyzing entity 'spi_master'
INFO: [VRFC 10-163] Analyzing VHDL file "C:/Users/student/Documents/w5500StateMachine/w5500StateMachine.srcs/sources_1/imports/Downloads/transceiveunit.vhd" into library xil_defaultlib
INFO: [VRFC 10-3107] analyzing entity 'transceive_unit'
INFO: [VRFC 10-163] Analyzing VHDL file "C:/Users/student/Documents/w5500StateMachine/w5500StateMachine.srcs/sources_1/new/top.vhd" into library xil_defaultlib
INFO: [VRFC 10-3107] analyzing entity 'top'
INFO: [VRFC 10-163] Analyzing VHDL file "C:/Users/student/Documents/w5500StateMachine/w5500StateMachine.srcs/sources_1/new/spi_streamer.vhd" into library xil_defaultlib
INFO: [VRFC 10-3107] analyzing entity 'spi_streamer'
INFO: [USF-XSim-69] 'compile' step finished in '4' seconds
INFO: [USF-XSim-3] XSim::Elaborate design
INFO: [USF-XSim-61] Executing 'ELABORATE' step in 'C:/Users/student/Documents/w5500StateMachine/w5500StateMachine.sim/sim_1/behav/xsim'
"xelab --incr --debug typical --relax --mt 2 -L xil_defaultlib -L axis_infrastructure_v1_1_1 -L axis_data_fifo_v2_0_11 -L axis_register_slice_v1_1_29 -L axis_dwidth_converter_v1_1_28 -L unisims_ver -L unimacro_ver -L secureip -L xpm --snapshot transceive_unit_behav xil_defaultlib.transceive_unit xil_defaultlib.glbl -log elaborate.log"
Vivado Simulator v2023.2
Copyright 1986-2022 Xilinx, Inc. All Rights Reserved.
Copyright 2022-2023 Advanced Micro Devices, Inc. All Rights Reserved.
Running: D:/Xilinx/Vivado/2023.2/bin/unwrapped/win64.o/xelab.exe --incr --debug typical --relax --mt 2 -L xil_defaultlib -L axis_infrastructure_v1_1_1 -L axis_data_fifo_v2_0_11 -L axis_register_slice_v1_1_29 -L axis_dwidth_converter_v1_1_28 -L unisims_ver -L unimacro_ver -L secureip -L xpm --snapshot transceive_unit_behav xil_defaultlib.transceive_unit xil_defaultlib.glbl -log elaborate.log 
Using 2 slave threads.
Starting static elaboration
Pass Through NonSizing Optimizer
Completed static elaboration
Starting simulation data flow analysis
Completed simulation data flow analysis
Time Resolution for simulation is 1ps
Compiling package std.standard
Compiling package std.textio
Compiling package ieee.std_logic_1164
Compiling package ieee.numeric_std
Compiling module xil_defaultlib.glbl
Compiling architecture behavioral of entity xil_defaultlib.transceive_unit
Built simulation snapshot transceive_unit_behav
INFO: [USF-XSim-69] 'elaborate' step finished in '3' seconds
INFO: [USF-XSim-4] XSim::Simulate design
WARNING: [USF-XSim-17] WCFG file does not exist:C:/Users/student/Documents/w5500StateMachine/transceive_unit_behav.wcfg
WARNING: [USF-XSim-17] WCFG file does not exist:C:/Users/student/Documents/w5500StateMachine/transceive_unit_behav.wcfg
INFO: [USF-XSim-61] Executing 'SIMULATE' step in 'C:/Users/student/Documents/w5500StateMachine/w5500StateMachine.sim/sim_1/behav/xsim'
INFO: [USF-XSim-98] *** Running xsim
   with args "transceive_unit_behav -key {Behavioral:sim_1:Functional:transceive_unit} -tclbatch {transceive_unit.tcl} -log {simulate.log}"
INFO: [USF-XSim-8] Loading simulator feature
Time resolution is 1 ps
source transceive_unit.tcl
# set curr_wave [current_wave_config]
# if { [string length $curr_wave] == 0 } {
#   if { [llength [get_objects]] > 0} {
#     add_wave /
#     set_property needs_save false [current_wave_config]
#   } else {
#      send_msg_id Add_Wave-1 WARNING "No top level signals found. Simulator will start without a wave window. If you want to open a wave window go to 'File->New Waveform Configuration' or type 'create_wave_config' in the TCL console."
#   }
# }
# run 1000ns
INFO: [USF-XSim-96] XSim completed. Design snapshot 'transceive_unit_behav' loaded.
INFO: [USF-XSim-97] XSim simulation ran for 1000ns
launch_simulation: Time (s): cpu = 00:00:03 ; elapsed = 00:00:10 . Memory (MB): peak = 1650.039 ; gain = 0.000
add_force {/transceive_unit/clk} -radix hex {0 0ns} {1 50000ps} -repeat_every 100000ps
add_force {/transceive_unit/tx_data} -radix hex {AB 0ns}
run 100 us
run 100 us
add_force {/transceive_unit/TVALID} -radix hex {1 0ns}
run 100 us
run 100 us
WARNING: [filemgmt 56-199] Attempt to get parsing info during refresh. "On-the-fly" syntax checking information may be incorrect. [C:\Users\student\Documents\w5500StateMachine\w5500StateMachine.srcs\sources_1\new\top.vhd:]
WARNING: [filemgmt 56-199] Attempt to get parsing info during refresh. "On-the-fly" syntax checking information may be incorrect. [C:\Users\student\Documents\w5500StateMachine\w5500StateMachine.srcs\sources_1\imports\Downloads\transceiveunit.vhd:]
ERROR: [Common 17-180] Spawn failed: No error
WARNING: [filemgmt 56-199] Attempt to get parsing info during refresh. "On-the-fly" syntax checking information may be incorrect. [C:\Users\student\Documents\w5500StateMachine\w5500StateMachine.srcs\sources_1\new\top.vhd:]
WARNING: [filemgmt 56-199] Attempt to get parsing info during refresh. "On-the-fly" syntax checking information may be incorrect. [C:\Users\student\Documents\w5500StateMachine\w5500StateMachine.srcs\sources_1\imports\Downloads\transceiveunit.vhd:]
ERROR: [Common 17-180] Spawn failed: No error
WARNING: [filemgmt 56-199] Attempt to get parsing info during refresh. "On-the-fly" syntax checking information may be incorrect. [C:\Users\student\Documents\w5500StateMachine\w5500StateMachine.srcs\sources_1\new\top.vhd:]
WARNING: [filemgmt 56-199] Attempt to get parsing info during refresh. "On-the-fly" syntax checking information may be incorrect. [C:\Users\student\Documents\w5500StateMachine\w5500StateMachine.srcs\sources_1\imports\Downloads\transceiveunit.vhd:]
ERROR: [Common 17-180] Spawn failed: No error
WARNING: [filemgmt 56-199] Attempt to get parsing info during refresh. "On-the-fly" syntax checking information may be incorrect. [C:\Users\student\Documents\w5500StateMachine\w5500StateMachine.srcs\sources_1\new\top.vhd:]
WARNING: [filemgmt 56-199] Attempt to get parsing info during refresh. "On-the-fly" syntax checking information may be incorrect. [C:\Users\student\Documents\w5500StateMachine\w5500StateMachine.srcs\sources_1\imports\Downloads\transceiveunit.vhd:]
ERROR: [Common 17-180] Spawn failed: No error
close_sim
INFO: [Simtcl 6-16] Simulation closed
exit
INFO: [Common 17-206] Exiting Vivado at Wed Oct  2 11:58:45 2024...
