INFO: [VRFC 10-163] Analyzing VHDL file "C:/Users/danie/w5500StateMachine/w5500StateMachine.sim/sim_1/impl/func/xsim/transceive_unit_func_impl.vhd" into library xil_defaultlib
INFO: [VRFC 10-3107] analyzing entity 'dmem'
INFO: [VRFC 10-3107] analyzing entity 'dmem_13'
INFO: [VRFC 10-3107] analyzing entity 'ltlib_v1_0_1_bscan'
INFO: [VRFC 10-3107] analyzing entity 'ltlib_v1_0_1_generic_mux'
INFO: [VRFC 10-3107] analyzing entity 'rd_bin_cntr'
INFO: [VRFC 10-3107] analyzing entity 'rd_bin_cntr_18'
INFO: [VRFC 10-3107] analyzing entity 'rd_fwft'
INFO: [VRFC 10-3107] analyzing entity 'rd_handshaking_flags'
INFO: [VRFC 10-3107] analyzing entity '\rd_handshaking_flags__parameterized0\'
INFO: [VRFC 10-3107] analyzing entity 'rd_status_flags_as'
INFO: [VRFC 10-3107] analyzing entity 'rd_status_flags_as_17'
INFO: [VRFC 10-3107] analyzing entity 'synchronizer_ff'
INFO: [VRFC 10-3107] analyzing entity 'synchronizer_ff_1'
INFO: [VRFC 10-3107] analyzing entity 'synchronizer_ff_10'
INFO: [VRFC 10-3107] analyzing entity 'synchronizer_ff_11'
INFO: [VRFC 10-3107] analyzing entity 'synchronizer_ff_12'
INFO: [VRFC 10-3107] analyzing entity 'synchronizer_ff_2'
INFO: [VRFC 10-3107] analyzing entity 'synchronizer_ff_3'
INFO: [VRFC 10-3107] analyzing entity 'synchronizer_ff_9'
INFO: [VRFC 10-3107] analyzing entity '\synchronizer_ff__parameterized0\'
INFO: [VRFC 10-3107] analyzing entity '\synchronizer_ff__parameterized0_19\'
INFO: [VRFC 10-3107] analyzing entity '\synchronizer_ff__parameterized0_20\'
INFO: [VRFC 10-3107] analyzing entity '\synchronizer_ff__parameterized0_21\'
INFO: [VRFC 10-3107] analyzing entity '\synchronizer_ff__parameterized0_22\'
INFO: [VRFC 10-3107] analyzing entity '\synchronizer_ff__parameterized0_4\'
INFO: [VRFC 10-3107] analyzing entity '\synchronizer_ff__parameterized0_5\'
INFO: [VRFC 10-3107] analyzing entity '\synchronizer_ff__parameterized0_6\'
INFO: [VRFC 10-3107] analyzing entity 'wr_bin_cntr'
INFO: [VRFC 10-3107] analyzing entity 'wr_bin_cntr_16'
INFO: [VRFC 10-3107] analyzing entity 'wr_handshaking_flags'
INFO: [VRFC 10-3107] analyzing entity 'wr_handshaking_flags_15'
INFO: [VRFC 10-3107] analyzing entity 'wr_status_flags_as'
INFO: [VRFC 10-3107] analyzing entity 'wr_status_flags_as_14'
INFO: [VRFC 10-3107] analyzing entity 'xsdbm_v3_0_0_addr_ctl'
INFO: [VRFC 10-3107] analyzing entity 'xsdbm_v3_0_0_bscan_switch'
INFO: [VRFC 10-3107] analyzing entity 'xsdbm_v3_0_0_burst_wdlen_ctl'
INFO: [VRFC 10-3107] analyzing entity 'xsdbm_v3_0_0_bus_ctl_cnt'
INFO: [VRFC 10-3107] analyzing entity 'xsdbm_v3_0_0_bus_ctl_flg'
INFO: [VRFC 10-3107] analyzing entity '\xsdbm_v3_0_0_bus_ctl_flg__parameterized0\'
INFO: [VRFC 10-3107] analyzing entity 'xsdbm_v3_0_0_cmd_decode'
INFO: [VRFC 10-3107] analyzing entity 'xsdbm_v3_0_0_ctl_reg'
INFO: [VRFC 10-3107] analyzing entity '\xsdbm_v3_0_0_ctl_reg__parameterized0\'
INFO: [VRFC 10-3107] analyzing entity '\xsdbm_v3_0_0_ctl_reg__parameterized1\'
INFO: [VRFC 10-3107] analyzing entity '\xsdbm_v3_0_0_ctl_reg__parameterized2\'
INFO: [VRFC 10-3107] analyzing entity 'xsdbm_v3_0_0_if_static_status'
INFO: [VRFC 10-3107] analyzing entity 'xsdbm_v3_0_0_stat'
INFO: [VRFC 10-3107] analyzing entity 'xsdbm_v3_0_0_stat_reg'
INFO: [VRFC 10-3107] analyzing entity '\xsdbm_v3_0_0_stat_reg__parameterized0\'
INFO: [VRFC 10-3107] analyzing entity '\xsdbm_v3_0_0_stat_reg__parameterized0_0\'
INFO: [VRFC 10-3107] analyzing entity 'xsdbm_v3_0_0_sync'
INFO: [VRFC 10-3107] analyzing entity 'spi_master'
INFO: [VRFC 10-3107] analyzing entity 'transceive_unit'
INFO: [VRFC 10-3107] analyzing entity 'blk_mem_gen_v8_4_7_blk_mem_gen_prim_wrapper'
INFO: [VRFC 10-3107] analyzing entity 'ltlib_v1_0_1_all_typeA_slice'
INFO: [VRFC 10-3107] analyzing entity 'ltlib_v1_0_1_all_typeA_slice_30'
INFO: [VRFC 10-3107] analyzing entity '\ltlib_v1_0_1_all_typeA_slice__parameterized0\'
INFO: [VRFC 10-3107] analyzing entity '\ltlib_v1_0_1_all_typeA_slice__parameterized0_11\'
INFO: [VRFC 10-3107] analyzing entity '\ltlib_v1_0_1_all_typeA_slice__parameterized0_14\'
INFO: [VRFC 10-3107] analyzing entity '\ltlib_v1_0_1_all_typeA_slice__parameterized0_17\'
INFO: [VRFC 10-3107] analyzing entity '\ltlib_v1_0_1_all_typeA_slice__parameterized0_2\'
INFO: [VRFC 10-3107] analyzing entity '\ltlib_v1_0_1_all_typeA_slice__parameterized0_20\'
INFO: [VRFC 10-3107] analyzing entity '\ltlib_v1_0_1_all_typeA_slice__parameterized0_23\'
INFO: [VRFC 10-3107] analyzing entity '\ltlib_v1_0_1_all_typeA_slice__parameterized0_24\'
INFO: [VRFC 10-3107] analyzing entity '\ltlib_v1_0_1_all_typeA_slice__parameterized0_26\'
INFO: [VRFC 10-3107] analyzing entity '\ltlib_v1_0_1_all_typeA_slice__parameterized0_28\'
INFO: [VRFC 10-3107] analyzing entity '\ltlib_v1_0_1_all_typeA_slice__parameterized0_31\'
INFO: [VRFC 10-3107] analyzing entity '\ltlib_v1_0_1_all_typeA_slice__parameterized0_5\'
INFO: [VRFC 10-3107] analyzing entity '\ltlib_v1_0_1_all_typeA_slice__parameterized0_8\'
INFO: [VRFC 10-3107] analyzing entity '\ltlib_v1_0_1_all_typeA_slice__parameterized1\'
INFO: [VRFC 10-3107] analyzing entity '\ltlib_v1_0_1_all_typeA_slice__parameterized1_51\'
INFO: [VRFC 10-3107] analyzing entity '\ltlib_v1_0_1_all_typeA_slice__parameterized1_55\'
INFO: [VRFC 10-3107] analyzing entity '\ltlib_v1_0_1_all_typeA_slice__parameterized2\'
INFO: [VRFC 10-3107] analyzing entity '\ltlib_v1_0_1_all_typeA_slice__parameterized2_52\'
INFO: [VRFC 10-3107] analyzing entity '\ltlib_v1_0_1_all_typeA_slice__parameterized2_56\'
INFO: [VRFC 10-3107] analyzing entity 'ltlib_v1_0_1_async_edge_xfer'
INFO: [VRFC 10-3107] analyzing entity '\ltlib_v1_0_1_async_edge_xfer__1\'
INFO: [VRFC 10-3107] analyzing entity '\ltlib_v1_0_1_async_edge_xfer__2\'
INFO: [VRFC 10-3107] analyzing entity '\ltlib_v1_0_1_async_edge_xfer__3\'
INFO: [VRFC 10-3107] analyzing entity 'ltlib_v1_0_1_cfglut4'
INFO: [VRFC 10-3107] analyzing entity '\ltlib_v1_0_1_cfglut4__1\'
INFO: [VRFC 10-3107] analyzing entity 'ltlib_v1_0_1_cfglut5'
INFO: [VRFC 10-3107] analyzing entity '\ltlib_v1_0_1_cfglut5__1\'
INFO: [VRFC 10-3107] analyzing entity '\ltlib_v1_0_1_cfglut5__2\'
INFO: [VRFC 10-3107] analyzing entity 'ltlib_v1_0_1_cfglut6'
INFO: [VRFC 10-3107] analyzing entity '\ltlib_v1_0_1_cfglut6__1\'
INFO: [VRFC 10-3107] analyzing entity '\ltlib_v1_0_1_cfglut6__parameterized0\'
INFO: [VRFC 10-3107] analyzing entity 'ltlib_v1_0_1_cfglut7'
INFO: [VRFC 10-3107] analyzing entity '\ltlib_v1_0_1_cfglut7__1\'
INFO: [VRFC 10-3107] analyzing entity 'ltlib_v1_0_1_generic_memrd'
INFO: [VRFC 10-3107] analyzing entity 'ltlib_v1_0_1_rising_edge_detection'
INFO: [VRFC 10-3107] analyzing entity '\ltlib_v1_0_1_rising_edge_detection__1\'
INFO: [VRFC 10-3107] analyzing entity 'xsdbs_v1_0_3_reg_ctl'
INFO: [VRFC 10-3107] analyzing entity 'xsdbs_v1_0_3_reg_ctl_35'
INFO: [VRFC 10-3107] analyzing entity 'xsdbs_v1_0_3_reg_ctl_36'
INFO: [VRFC 10-3107] analyzing entity 'xsdbs_v1_0_3_reg_ctl_37'
INFO: [VRFC 10-3107] analyzing entity 'xsdbs_v1_0_3_reg_ctl_38'
INFO: [VRFC 10-3107] analyzing entity 'xsdbs_v1_0_3_reg_ctl_41'
INFO: [VRFC 10-3107] analyzing entity 'xsdbs_v1_0_3_reg_ctl_42'
INFO: [VRFC 10-3107] analyzing entity 'xsdbs_v1_0_3_reg_ctl_43'
INFO: [VRFC 10-3107] analyzing entity 'xsdbs_v1_0_3_reg_ctl_44'
INFO: [VRFC 10-3107] analyzing entity 'xsdbs_v1_0_3_reg_ctl_45'
INFO: [VRFC 10-3107] analyzing entity 'xsdbs_v1_0_3_reg_ctl_48'
INFO: [VRFC 10-3107] analyzing entity '\xsdbs_v1_0_3_reg_ctl__parameterized0\'
INFO: [VRFC 10-3107] analyzing entity '\xsdbs_v1_0_3_reg_ctl__parameterized1\'
INFO: [VRFC 10-3107] analyzing entity '\xsdbs_v1_0_3_reg_ctl__parameterized1_39\'
INFO: [VRFC 10-3107] analyzing entity '\xsdbs_v1_0_3_reg_ctl__parameterized1_40\'
INFO: [VRFC 10-3107] analyzing entity 'xsdbs_v1_0_3_reg_p2s'
INFO: [VRFC 10-3107] analyzing entity '\xsdbs_v1_0_3_reg_p2s__parameterized0\'
INFO: [VRFC 10-3107] analyzing entity '\xsdbs_v1_0_3_reg_p2s__parameterized1\'
INFO: [VRFC 10-3107] analyzing entity '\xsdbs_v1_0_3_reg_p2s__parameterized10\'
INFO: [VRFC 10-3107] analyzing entity '\xsdbs_v1_0_3_reg_p2s__parameterized11\'
INFO: [VRFC 10-3107] analyzing entity '\xsdbs_v1_0_3_reg_p2s__parameterized12\'
INFO: [VRFC 10-3107] analyzing entity '\xsdbs_v1_0_3_reg_p2s__parameterized2\'
INFO: [VRFC 10-3107] analyzing entity '\xsdbs_v1_0_3_reg_p2s__parameterized3\'
INFO: [VRFC 10-3107] analyzing entity '\xsdbs_v1_0_3_reg_p2s__parameterized4\'
INFO: [VRFC 10-3107] analyzing entity '\xsdbs_v1_0_3_reg_p2s__parameterized5\'
INFO: [VRFC 10-3107] analyzing entity '\xsdbs_v1_0_3_reg_p2s__parameterized6\'
INFO: [VRFC 10-3107] analyzing entity '\xsdbs_v1_0_3_reg_p2s__parameterized7\'
INFO: [VRFC 10-3107] analyzing entity '\xsdbs_v1_0_3_reg_p2s__parameterized8\'
INFO: [VRFC 10-3107] analyzing entity '\xsdbs_v1_0_3_reg_p2s__parameterized9\'
INFO: [VRFC 10-3107] analyzing entity 'xsdbs_v1_0_3_reg_stat'
INFO: [VRFC 10-3107] analyzing entity 'xsdbs_v1_0_3_reg_stat_32'
INFO: [VRFC 10-3107] analyzing entity 'xsdbs_v1_0_3_reg_stat_33'
INFO: [VRFC 10-3107] analyzing entity 'xsdbs_v1_0_3_reg_stat_34'
INFO: [VRFC 10-3107] analyzing entity 'xsdbs_v1_0_3_reg_stat_46'
INFO: [VRFC 10-3107] analyzing entity 'xsdbs_v1_0_3_reg_stat_47'
INFO: [VRFC 10-3107] analyzing entity 'xsdbs_v1_0_3_xsdbs'
INFO: [VRFC 10-3107] analyzing entity 'clk_x_pntrs'
INFO: [VRFC 10-3107] analyzing entity 'clk_x_pntrs_7'
INFO: [VRFC 10-3107] analyzing entity 'memory'
INFO: [VRFC 10-3107] analyzing entity '\memory__parameterized0\'
INFO: [VRFC 10-3107] analyzing entity 'rd_logic'
INFO: [VRFC 10-3107] analyzing entity '\rd_logic__parameterized0\'
INFO: [VRFC 10-3107] analyzing entity 'reset_blk_ramfifo'
INFO: [VRFC 10-3107] analyzing entity 'reset_blk_ramfifo_8'
INFO: [VRFC 10-3107] analyzing entity 'wr_logic'
INFO: [VRFC 10-3107] analyzing entity '\wr_logic__parameterized0\'
INFO: [VRFC 10-3107] analyzing entity 'xsdbm_v3_0_0_bus_ctl'
INFO: [VRFC 10-3107] analyzing entity 'xsdbm_v3_0_0_bus_mstr2sl_if'
INFO: [VRFC 10-3107] analyzing entity 'xsdbm_v3_0_0_icon'
INFO: [VRFC 10-3107] analyzing entity 'blk_mem_gen_v8_4_7_blk_mem_gen_prim_width'
INFO: [VRFC 10-3107] analyzing entity 'ila_v6_2_14_ila_reset_ctrl'
INFO: [VRFC 10-3107] analyzing entity 'ltlib_v1_0_1_all_typeA'
INFO: [VRFC 10-3107] analyzing entity 'ltlib_v1_0_1_all_typeA_29'
INFO: [VRFC 10-3107] analyzing entity '\ltlib_v1_0_1_all_typeA__parameterized0\'
INFO: [VRFC 10-3107] analyzing entity '\ltlib_v1_0_1_all_typeA__parameterized0_1\'
INFO: [VRFC 10-3107] analyzing entity '\ltlib_v1_0_1_all_typeA__parameterized0_10\'
INFO: [VRFC 10-3107] analyzing entity '\ltlib_v1_0_1_all_typeA__parameterized0_13\'
INFO: [VRFC 10-3107] analyzing entity '\ltlib_v1_0_1_all_typeA__parameterized0_16\'
INFO: [VRFC 10-3107] analyzing entity '\ltlib_v1_0_1_all_typeA__parameterized0_19\'
INFO: [VRFC 10-3107] analyzing entity '\ltlib_v1_0_1_all_typeA__parameterized0_22\'
INFO: [VRFC 10-3107] analyzing entity '\ltlib_v1_0_1_all_typeA__parameterized0_25\'
INFO: [VRFC 10-3107] analyzing entity '\ltlib_v1_0_1_all_typeA__parameterized0_27\'
INFO: [VRFC 10-3107] analyzing entity '\ltlib_v1_0_1_all_typeA__parameterized0_4\'
INFO: [VRFC 10-3107] analyzing entity '\ltlib_v1_0_1_all_typeA__parameterized0_7\'
INFO: [VRFC 10-3107] analyzing entity '\ltlib_v1_0_1_all_typeA__parameterized1\'
INFO: [VRFC 10-3107] analyzing entity '\ltlib_v1_0_1_all_typeA__parameterized1_50\'
INFO: [VRFC 10-3107] analyzing entity '\ltlib_v1_0_1_all_typeA__parameterized1_54\'
INFO: [VRFC 10-3107] analyzing entity '\xsdbs_v1_0_3_reg__parameterized33\'
INFO: [VRFC 10-3107] analyzing entity '\xsdbs_v1_0_3_reg__parameterized34\'
INFO: [VRFC 10-3107] analyzing entity '\xsdbs_v1_0_3_reg__parameterized35\'
INFO: [VRFC 10-3107] analyzing entity '\xsdbs_v1_0_3_reg__parameterized36\'
INFO: [VRFC 10-3107] analyzing entity '\xsdbs_v1_0_3_reg__parameterized48\'
INFO: [VRFC 10-3107] analyzing entity '\xsdbs_v1_0_3_reg__parameterized49\'
INFO: [VRFC 10-3107] analyzing entity '\xsdbs_v1_0_3_reg__parameterized50\'
INFO: [VRFC 10-3107] analyzing entity '\xsdbs_v1_0_3_reg__parameterized51\'
INFO: [VRFC 10-3107] analyzing entity '\xsdbs_v1_0_3_reg__parameterized52\'
INFO: [VRFC 10-3107] analyzing entity '\xsdbs_v1_0_3_reg__parameterized53\'
INFO: [VRFC 10-3107] analyzing entity '\xsdbs_v1_0_3_reg__parameterized54\'
INFO: [VRFC 10-3107] analyzing entity '\xsdbs_v1_0_3_reg__parameterized55\'
INFO: [VRFC 10-3107] analyzing entity '\xsdbs_v1_0_3_reg__parameterized56\'
INFO: [VRFC 10-3107] analyzing entity '\xsdbs_v1_0_3_reg__parameterized57\'
INFO: [VRFC 10-3107] analyzing entity '\xsdbs_v1_0_3_reg__parameterized58\'
INFO: [VRFC 10-3107] analyzing entity '\xsdbs_v1_0_3_reg__parameterized59\'
INFO: [VRFC 10-3107] analyzing entity '\xsdbs_v1_0_3_reg__parameterized61\'
INFO: [VRFC 10-3107] analyzing entity '\xsdbs_v1_0_3_reg__parameterized63\'
INFO: [VRFC 10-3107] analyzing entity '\xsdbs_v1_0_3_reg__parameterized66\'
INFO: [VRFC 10-3107] analyzing entity 'xsdbs_v1_0_3_reg_stream'
INFO: [VRFC 10-3107] analyzing entity '\xsdbs_v1_0_3_reg_stream__parameterized0\'
INFO: [VRFC 10-3107] analyzing entity 'fifo_generator_ramfifo'
INFO: [VRFC 10-3107] analyzing entity '\fifo_generator_ramfifo__parameterized0\'
INFO: [VRFC 10-3107] analyzing entity 'blk_mem_gen_v8_4_7_blk_mem_gen_generic_cstr'
INFO: [VRFC 10-3107] analyzing entity 'ila_v6_2_14_ila_register'
INFO: [VRFC 10-3107] analyzing entity 'ltlib_v1_0_1_allx_typeA'
INFO: [VRFC 10-3107] analyzing entity '\ltlib_v1_0_1_allx_typeA__parameterized0\'
INFO: [VRFC 10-3107] analyzing entity '\ltlib_v1_0_1_allx_typeA__parameterized1\'
INFO: [VRFC 10-3107] analyzing entity '\ltlib_v1_0_1_allx_typeA__parameterized2\'
INFO: [VRFC 10-3107] analyzing entity '\ltlib_v1_0_1_allx_typeA__parameterized3\'
INFO: [VRFC 10-3107] analyzing entity '\ltlib_v1_0_1_allx_typeA__parameterized3_0\'
INFO: [VRFC 10-3107] analyzing entity '\ltlib_v1_0_1_allx_typeA__parameterized3_12\'
INFO: [VRFC 10-3107] analyzing entity '\ltlib_v1_0_1_allx_typeA__parameterized3_15\'
INFO: [VRFC 10-3107] analyzing entity '\ltlib_v1_0_1_allx_typeA__parameterized3_18\'
INFO: [VRFC 10-3107] analyzing entity '\ltlib_v1_0_1_allx_typeA__parameterized3_21\'
INFO: [VRFC 10-3107] analyzing entity '\ltlib_v1_0_1_allx_typeA__parameterized3_3\'
INFO: [VRFC 10-3107] analyzing entity '\ltlib_v1_0_1_allx_typeA__parameterized3_6\'
INFO: [VRFC 10-3107] analyzing entity '\ltlib_v1_0_1_allx_typeA__parameterized3_9\'
INFO: [VRFC 10-3107] analyzing entity 'ltlib_v1_0_1_allx_typeA_nodelay'
INFO: [VRFC 10-3107] analyzing entity 'ltlib_v1_0_1_allx_typeA_nodelay_49'
INFO: [VRFC 10-3107] analyzing entity 'ltlib_v1_0_1_allx_typeA_nodelay_53'
INFO: [VRFC 10-3107] analyzing entity 'fifo_generator_top'
INFO: [VRFC 10-3107] analyzing entity '\fifo_generator_top__parameterized0\'
INFO: [VRFC 10-3107] analyzing entity 'blk_mem_gen_v8_4_7_blk_mem_gen_top'
INFO: [VRFC 10-3107] analyzing entity 'ltlib_v1_0_1_match'
INFO: [VRFC 10-3107] analyzing entity '\ltlib_v1_0_1_match__parameterized0\'
INFO: [VRFC 10-3107] analyzing entity '\ltlib_v1_0_1_match__parameterized1\'
INFO: [VRFC 10-3107] analyzing entity '\ltlib_v1_0_1_match__parameterized2\'
INFO: [VRFC 10-3107] analyzing entity '\ltlib_v1_0_1_match__parameterized3\'
INFO: [VRFC 10-3107] analyzing entity '\ltlib_v1_0_1_match__parameterized3__1\'
INFO: [VRFC 10-3107] analyzing entity '\ltlib_v1_0_1_match__parameterized3__2\'
INFO: [VRFC 10-3107] analyzing entity '\ltlib_v1_0_1_match__parameterized3__3\'
INFO: [VRFC 10-3107] analyzing entity '\ltlib_v1_0_1_match__parameterized3__4\'
INFO: [VRFC 10-3107] analyzing entity '\ltlib_v1_0_1_match__parameterized3__5\'
INFO: [VRFC 10-3107] analyzing entity '\ltlib_v1_0_1_match__parameterized3__6\'
INFO: [VRFC 10-3107] analyzing entity '\ltlib_v1_0_1_match__parameterized3__7\'
INFO: [VRFC 10-3107] analyzing entity '\ltlib_v1_0_1_match__parameterized3__8\'
INFO: [VRFC 10-3107] analyzing entity 'ltlib_v1_0_1_match_nodelay'
INFO: [VRFC 10-3107] analyzing entity '\ltlib_v1_0_1_match_nodelay__1\'
INFO: [VRFC 10-3107] analyzing entity '\ltlib_v1_0_1_match_nodelay__2\'
INFO: [VRFC 10-3107] analyzing entity 'fifo_generator_v13_1_5_synth'
INFO: [VRFC 10-3107] analyzing entity '\fifo_generator_v13_1_5_synth__parameterized0\'
INFO: [VRFC 10-3107] analyzing entity 'blk_mem_gen_v8_4_7_synth'
INFO: [VRFC 10-3107] analyzing entity 'ila_v6_2_14_ila_cap_sample_counter'
INFO: [VRFC 10-3107] analyzing entity 'ila_v6_2_14_ila_cap_window_counter'
INFO: [VRFC 10-3107] analyzing entity 'ila_v6_2_14_ila_trig_match'
INFO: [VRFC 10-3107] analyzing entity 'fifo_generator_v13_1_5'
INFO: [VRFC 10-3107] analyzing entity '\fifo_generator_v13_1_5__parameterized0\'
INFO: [VRFC 10-3107] analyzing entity 'blk_mem_gen_v8_4_7'
INFO: [VRFC 10-3107] analyzing entity 'ila_v6_2_14_ila_cap_addrgen'
INFO: [VRFC 10-3107] analyzing entity 'ila_v6_2_14_ila_trigger'
INFO: [VRFC 10-3107] analyzing entity 'xsdbm_v3_0_0_rdfifo'
INFO: [VRFC 10-3107] analyzing entity 'xsdbm_v3_0_0_wrfifo'
INFO: [VRFC 10-3107] analyzing entity 'ila_v6_2_14_ila_cap_ctrl_legacy'
INFO: [VRFC 10-3107] analyzing entity 'ila_v6_2_14_ila_trace_memory'
INFO: [VRFC 10-3107] analyzing entity 'xsdbm_v3_0_0_rdreg'
INFO: [VRFC 10-3107] analyzing entity 'xsdbm_v3_0_0_wrreg'
INFO: [VRFC 10-3107] analyzing entity 'ila_v6_2_14_ila_core'
INFO: [VRFC 10-3107] analyzing entity 'ila_v6_2_14_ila'
INFO: [VRFC 10-3107] analyzing entity 'xsdbm_v3_0_0_if'
INFO: [VRFC 10-3107] analyzing entity 'u_ila_0'
INFO: [VRFC 10-3107] analyzing entity 'xsdbm_v3_0_0_icon2xsdb'
INFO: [VRFC 10-3107] analyzing entity 'xsdbm_v3_0_0_xsdbm_id'
INFO: [VRFC 10-3107] analyzing entity 'xsdbm_v3_0_0_xsdbm'
INFO: [VRFC 10-3107] analyzing entity 'dbg_hub'
INFO: [VRFC 10-3107] analyzing entity 'top'
