INFO: [VRFC 10-2263] Analyzing Verilog file "C:/Users/danie/w5500StateMachine/w5500StateMachine.sim/sim_1/synth/timing/xsim/spi_master_time_synth.v" into library xil_defaultlib
INFO: [VRFC 10-311] analyzing module RAM32M_UNIQ_BASE_
INFO: [VRFC 10-311] analyzing module RAM32M_HD284
INFO: [VRFC 10-311] analyzing module RAM32M_HD285
INFO: [VRFC 10-311] analyzing module RAM32M_HD288
INFO: [VRFC 10-311] analyzing module RAM32M_HD289
INFO: [VRFC 10-311] analyzing module RAM32M_HD292
INFO: [VRFC 10-311] analyzing module RAM32X1D_UNIQ_BASE_
INFO: [VRFC 10-311] analyzing module RAM32X1D_HD283
INFO: [VRFC 10-311] analyzing module RAM32X1D_HD286
INFO: [VRFC 10-311] analyzing module RAM32X1D_HD287
INFO: [VRFC 10-311] analyzing module RAM32X1D_HD290
INFO: [VRFC 10-311] analyzing module RAM32X1D_HD291
INFO: [VRFC 10-311] analyzing module dbg_hub_CV
INFO: [VRFC 10-311] analyzing module u_ila_0_CV
INFO: [VRFC 10-311] analyzing module axis_data_fifo_8bit
INFO: [VRFC 10-311] analyzing module axis_data_fifo_8bit_HD259
INFO: [VRFC 10-311] analyzing module axis_data_fifo_8bit_HD271
INFO: [VRFC 10-311] analyzing module axis_data_fifo_8bit_axis_data_fifo_v2_0_11_top
INFO: [VRFC 10-311] analyzing module axis_data_fifo_8bit_axis_data_fifo_v2_0_11_top_HD260
INFO: [VRFC 10-311] analyzing module axis_data_fifo_8bit_axis_data_fifo_v2_0_11_top_HD272
INFO: [VRFC 10-311] analyzing module axis_data_fifo_8bit_xpm_cdc_sync_rst
INFO: [VRFC 10-311] analyzing module axis_data_fifo_8bit_xpm_cdc_sync_rst_HD262
INFO: [VRFC 10-311] analyzing module axis_data_fifo_8bit_xpm_cdc_sync_rst_HD274
INFO: [VRFC 10-311] analyzing module axis_data_fifo_8bit_xpm_counter_updn__parameterized0
INFO: [VRFC 10-311] analyzing module axis_data_fifo_8bit_xpm_counter_updn__parameterized0_0
INFO: [VRFC 10-311] analyzing module axis_data_fifo_8bit_xpm_counter_updn__parameterized0_0_HD268
INFO: [VRFC 10-311] analyzing module axis_data_fifo_8bit_xpm_counter_updn__parameterized0_0_HD280
INFO: [VRFC 10-311] analyzing module axis_data_fifo_8bit_xpm_counter_updn__parameterized0_HD265
INFO: [VRFC 10-311] analyzing module axis_data_fifo_8bit_xpm_counter_updn__parameterized0_HD277
INFO: [VRFC 10-311] analyzing module axis_data_fifo_8bit_xpm_counter_updn__parameterized1
INFO: [VRFC 10-311] analyzing module axis_data_fifo_8bit_xpm_counter_updn__parameterized1_1
INFO: [VRFC 10-311] analyzing module axis_data_fifo_8bit_xpm_counter_updn__parameterized1_1_HD269
INFO: [VRFC 10-311] analyzing module axis_data_fifo_8bit_xpm_counter_updn__parameterized1_1_HD281
INFO: [VRFC 10-311] analyzing module axis_data_fifo_8bit_xpm_counter_updn__parameterized1_HD266
INFO: [VRFC 10-311] analyzing module axis_data_fifo_8bit_xpm_counter_updn__parameterized1_HD278
INFO: [VRFC 10-311] analyzing module axis_data_fifo_8bit_xpm_fifo_axis
INFO: [VRFC 10-311] analyzing module axis_data_fifo_8bit_xpm_fifo_axis_HD261
INFO: [VRFC 10-311] analyzing module axis_data_fifo_8bit_xpm_fifo_axis_HD273
INFO: [VRFC 10-311] analyzing module axis_data_fifo_8bit_xpm_fifo_base
INFO: [VRFC 10-311] analyzing module axis_data_fifo_8bit_xpm_fifo_base_HD263
INFO: [VRFC 10-311] analyzing module axis_data_fifo_8bit_xpm_fifo_base_HD275
INFO: [VRFC 10-311] analyzing module axis_data_fifo_8bit_xpm_fifo_reg_bit
INFO: [VRFC 10-311] analyzing module axis_data_fifo_8bit_xpm_fifo_reg_bit_HD267
INFO: [VRFC 10-311] analyzing module axis_data_fifo_8bit_xpm_fifo_reg_bit_HD279
INFO: [VRFC 10-311] analyzing module axis_data_fifo_8bit_xpm_fifo_rst
INFO: [VRFC 10-311] analyzing module axis_data_fifo_8bit_xpm_fifo_rst_HD270
INFO: [VRFC 10-311] analyzing module axis_data_fifo_8bit_xpm_fifo_rst_HD282
INFO: [VRFC 10-311] analyzing module axis_data_fifo_8bit_xpm_memory_base
INFO: [VRFC 10-311] analyzing module axis_data_fifo_8bit_xpm_memory_base_HD264
INFO: [VRFC 10-311] analyzing module axis_data_fifo_8bit_xpm_memory_base_HD276
INFO: [VRFC 10-311] analyzing module spi_master
INFO: [VRFC 10-311] analyzing module spi_streamer
INFO: [VRFC 10-311] analyzing module top
INFO: [VRFC 10-311] analyzing module transceive_unit
INFO: [VRFC 10-311] analyzing module glbl
