Vivado Simulator v2023.2
Copyright 1986-2022 Xilinx, Inc. All Rights Reserved.
Copyright 2022-2023 Advanced Micro Devices, Inc. All Rights Reserved.
Running: C:/Xilinx/Vivado/2023.2/bin/unwrapped/win64.o/xelab.exe --incr --debug typical --relax --mt 2 --maxdelay -L xil_defaultlib -L simprims_ver -L secureip --snapshot spi_master_time_synth -transport_int_delays -pulse_r 0 -pulse_int_r 0 -pulse_e 0 -pulse_int_e 0 xil_defaultlib.spi_master xil_defaultlib.glbl -log elaborate.log 
Using 2 slave threads.
Starting static elaboration
Pass Through NonSizing Optimizer
Completed static elaboration
Starting simulation data flow analysis
Completed simulation data flow analysis
Time Resolution for simulation is 1ps
Compiling module simprims_ver.x_lut3_mux8
Compiling module simprims_ver.LUT3
Compiling module simprims_ver.LUT4
Compiling module simprims_ver.FDRE_default
Compiling module simprims_ver.CARRY4
Compiling module simprims_ver.LUT5
Compiling module simprims_ver.LUT6
Compiling module simprims_ver.x_lut2_mux4
Compiling module simprims_ver.LUT2
Compiling module simprims_ver.FDCE_default
Compiling module simprims_ver.GND
Compiling module simprims_ver.FDRE(XON="FALSE")
Compiling module xil_defaultlib.axis_data_fifo_8bit_xpm_cdc_sync...
Compiling module simprims_ver.x_lut1_mux2
Compiling module simprims_ver.LUT1
Compiling module simprims_ver.FDSE_default
Compiling module simprims_ver.RAMD32
Compiling module simprims_ver.RAMS32
Compiling module xil_defaultlib.RAM32M_UNIQ_BASE_
Compiling module xil_defaultlib.RAM32X1D_UNIQ_BASE_
Compiling module xil_defaultlib.RAM32X1D_HD283
Compiling module xil_defaultlib.RAM32M_HD284
Compiling module xil_defaultlib.axis_data_fifo_8bit_xpm_memory_b...
Compiling module xil_defaultlib.axis_data_fifo_8bit_xpm_counter_...
Compiling module xil_defaultlib.axis_data_fifo_8bit_xpm_counter_...
Compiling module xil_defaultlib.axis_data_fifo_8bit_xpm_fifo_reg...
Compiling module xil_defaultlib.axis_data_fifo_8bit_xpm_counter_...
Compiling module xil_defaultlib.axis_data_fifo_8bit_xpm_counter_...
Compiling module xil_defaultlib.axis_data_fifo_8bit_xpm_fifo_rst
Compiling module xil_defaultlib.axis_data_fifo_8bit_xpm_fifo_bas...
Compiling module xil_defaultlib.axis_data_fifo_8bit_xpm_fifo_axi...
Compiling module xil_defaultlib.axis_data_fifo_8bit_axis_data_fi...
Compiling module xil_defaultlib.axis_data_fifo_8bit
Compiling module xil_defaultlib.spi_streamer
Compiling module xil_defaultlib.spi_master
Compiling module xil_defaultlib.glbl
Built simulation snapshot spi_master_time_synth
