INFO: [VRFC 10-163] Analyzing VHDL file "C:/Users/danie/w5500StateMachine/w5500StateMachine.sim/sim_1/synth/func/xsim/top_func_synth.vhd" into library xil_defaultlib
INFO: [VRFC 10-3107] analyzing entity 'clk_wiz_0_clk_wiz'
INFO: [VRFC 10-3107] analyzing entity 'xpm_cdc_sync_rst'
INFO: [VRFC 10-3107] analyzing entity '\xpm_cdc_sync_rst__5\'
INFO: [VRFC 10-3107] analyzing entity '\xpm_cdc_sync_rst__6\'
INFO: [VRFC 10-3107] analyzing entity '\xpm_cdc_sync_rst__7\'
INFO: [VRFC 10-3107] analyzing entity '\xpm_cdc_sync_rst__8\'
INFO: [VRFC 10-3107] analyzing entity '\xpm_counter_updn__parameterized0\'
INFO: [VRFC 10-3107] analyzing entity '\xpm_counter_updn__parameterized0_0\'
INFO: [VRFC 10-3107] analyzing entity '\xpm_counter_updn__parameterized0_11\'
INFO: [VRFC 10-3107] analyzing entity '\xpm_counter_updn__parameterized0_14\'
INFO: [VRFC 10-3107] analyzing entity '\xpm_counter_updn__parameterized0_17\'
INFO: [VRFC 10-3107] analyzing entity '\xpm_counter_updn__parameterized0_2\'
INFO: [VRFC 10-3107] analyzing entity '\xpm_counter_updn__parameterized0_20\'
INFO: [VRFC 10-3107] analyzing entity '\xpm_counter_updn__parameterized0_23\'
INFO: [VRFC 10-3107] analyzing entity '\xpm_counter_updn__parameterized0_5\'
INFO: [VRFC 10-3107] analyzing entity '\xpm_counter_updn__parameterized0_8\'
INFO: [VRFC 10-3107] analyzing entity '\xpm_counter_updn__parameterized1\'
INFO: [VRFC 10-3107] analyzing entity '\xpm_counter_updn__parameterized1_1\'
INFO: [VRFC 10-3107] analyzing entity '\xpm_counter_updn__parameterized1_12\'
INFO: [VRFC 10-3107] analyzing entity '\xpm_counter_updn__parameterized1_15\'
INFO: [VRFC 10-3107] analyzing entity '\xpm_counter_updn__parameterized1_18\'
INFO: [VRFC 10-3107] analyzing entity '\xpm_counter_updn__parameterized1_21\'
INFO: [VRFC 10-3107] analyzing entity '\xpm_counter_updn__parameterized1_24\'
INFO: [VRFC 10-3107] analyzing entity '\xpm_counter_updn__parameterized1_3\'
INFO: [VRFC 10-3107] analyzing entity '\xpm_counter_updn__parameterized1_6\'
INFO: [VRFC 10-3107] analyzing entity '\xpm_counter_updn__parameterized1_9\'
INFO: [VRFC 10-3107] analyzing entity 'xpm_fifo_reg_bit'
INFO: [VRFC 10-3107] analyzing entity 'xpm_fifo_reg_bit_10'
INFO: [VRFC 10-3107] analyzing entity 'xpm_fifo_reg_bit_16'
INFO: [VRFC 10-3107] analyzing entity 'xpm_fifo_reg_bit_22'
INFO: [VRFC 10-3107] analyzing entity 'xpm_fifo_reg_bit_4'
INFO: [VRFC 10-3107] analyzing entity 'xpm_fifo_rst'
INFO: [VRFC 10-3107] analyzing entity 'xpm_fifo_rst_13'
INFO: [VRFC 10-3107] analyzing entity 'xpm_fifo_rst_19'
INFO: [VRFC 10-3107] analyzing entity 'xpm_fifo_rst_25'
INFO: [VRFC 10-3107] analyzing entity 'xpm_fifo_rst_7'
INFO: [VRFC 10-3107] analyzing entity 'xpm_memory_base'
INFO: [VRFC 10-3107] analyzing entity '\xpm_memory_base__5\'
INFO: [VRFC 10-3107] analyzing entity '\xpm_memory_base__6\'
INFO: [VRFC 10-3107] analyzing entity '\xpm_memory_base__7\'
INFO: [VRFC 10-3107] analyzing entity '\xpm_memory_base__8\'
INFO: [VRFC 10-3107] analyzing entity 'clk_wiz_0'
INFO: [VRFC 10-3107] analyzing entity 'xpm_fifo_base'
INFO: [VRFC 10-3107] analyzing entity '\xpm_fifo_base__5\'
INFO: [VRFC 10-3107] analyzing entity '\xpm_fifo_base__6\'
INFO: [VRFC 10-3107] analyzing entity '\xpm_fifo_base__7\'
INFO: [VRFC 10-3107] analyzing entity '\xpm_fifo_base__8\'
INFO: [VRFC 10-3107] analyzing entity 'xpm_fifo_axis'
INFO: [VRFC 10-3107] analyzing entity '\xpm_fifo_axis__xdcDup__1\'
INFO: [VRFC 10-3107] analyzing entity '\xpm_fifo_axis__xdcDup__2\'
INFO: [VRFC 10-3107] analyzing entity '\xpm_fifo_axis__xdcDup__3\'
INFO: [VRFC 10-3107] analyzing entity '\xpm_fifo_axis__xdcDup__4\'
INFO: [VRFC 10-3107] analyzing entity 'axis_data_fifo_v2_0_11_top'
