INFO: [VRFC 10-2263] Analyzing Verilog file "C:/Users/danie/w5500StateMachine/w5500StateMachine.sim/sim_1/impl/timing/xsim/top_time_impl.v" into library xil_defaultlib
INFO: [VRFC 10-311] analyzing module RAM32M_UNIQ_BASE_
INFO: [VRFC 10-311] analyzing module RAM32M_HD109
INFO: [VRFC 10-311] analyzing module RAM32M_HD110
INFO: [VRFC 10-311] analyzing module RAM32M_HD111
INFO: [VRFC 10-311] analyzing module RAM32M_HD112
INFO: [VRFC 10-311] analyzing module RAM32M_HD113
INFO: [VRFC 10-311] analyzing module RAM32M_HD114
INFO: [VRFC 10-311] analyzing module RAM32M_HD115
INFO: [VRFC 10-311] analyzing module RAM32M_HD116
INFO: [VRFC 10-311] analyzing module RAM32M_HD117
INFO: [VRFC 10-311] analyzing module RAM32X1D_UNIQ_BASE_
INFO: [VRFC 10-311] analyzing module clk_x_pntrs
INFO: [VRFC 10-311] analyzing module clk_x_pntrs_7
INFO: [VRFC 10-311] analyzing module dbg_hub
INFO: [VRFC 10-311] analyzing module dmem
INFO: [VRFC 10-311] analyzing module dmem_13
INFO: [VRFC 10-311] analyzing module fifo_generator_ramfifo
INFO: [VRFC 10-311] analyzing module fifo_generator_ramfifo__parameterized0
INFO: [VRFC 10-311] analyzing module fifo_generator_top
INFO: [VRFC 10-311] analyzing module fifo_generator_top__parameterized0
INFO: [VRFC 10-311] analyzing module fifo_generator_v13_1_5
INFO: [VRFC 10-311] analyzing module fifo_generator_v13_1_5__parameterized0
INFO: [VRFC 10-311] analyzing module fifo_generator_v13_1_5_synth
INFO: [VRFC 10-311] analyzing module fifo_generator_v13_1_5_synth__parameterized0
INFO: [VRFC 10-311] analyzing module ila_v6_2_14_ila
INFO: [VRFC 10-311] analyzing module ltlib_v1_0_1_bscan
INFO: [VRFC 10-311] analyzing module ltlib_v1_0_1_generic_mux
INFO: [VRFC 10-311] analyzing module memory
INFO: [VRFC 10-311] analyzing module memory__parameterized0
INFO: [VRFC 10-311] analyzing module rd_bin_cntr
INFO: [VRFC 10-311] analyzing module rd_bin_cntr_18
INFO: [VRFC 10-311] analyzing module rd_fwft
INFO: [VRFC 10-311] analyzing module rd_handshaking_flags
INFO: [VRFC 10-311] analyzing module rd_handshaking_flags__parameterized0
INFO: [VRFC 10-311] analyzing module rd_logic
INFO: [VRFC 10-311] analyzing module rd_logic__parameterized0
INFO: [VRFC 10-311] analyzing module rd_status_flags_as
INFO: [VRFC 10-311] analyzing module rd_status_flags_as_17
INFO: [VRFC 10-311] analyzing module reset_blk_ramfifo
INFO: [VRFC 10-311] analyzing module reset_blk_ramfifo_8
INFO: [VRFC 10-311] analyzing module synchronizer_ff
INFO: [VRFC 10-311] analyzing module synchronizer_ff_1
INFO: [VRFC 10-311] analyzing module synchronizer_ff_10
INFO: [VRFC 10-311] analyzing module synchronizer_ff_11
INFO: [VRFC 10-311] analyzing module synchronizer_ff_12
INFO: [VRFC 10-311] analyzing module synchronizer_ff_2
INFO: [VRFC 10-311] analyzing module synchronizer_ff_3
INFO: [VRFC 10-311] analyzing module synchronizer_ff_9
INFO: [VRFC 10-311] analyzing module synchronizer_ff__parameterized0
INFO: [VRFC 10-311] analyzing module synchronizer_ff__parameterized0_19
INFO: [VRFC 10-311] analyzing module synchronizer_ff__parameterized0_20
INFO: [VRFC 10-311] analyzing module synchronizer_ff__parameterized0_21
INFO: [VRFC 10-311] analyzing module synchronizer_ff__parameterized0_22
INFO: [VRFC 10-311] analyzing module synchronizer_ff__parameterized0_4
INFO: [VRFC 10-311] analyzing module synchronizer_ff__parameterized0_5
INFO: [VRFC 10-311] analyzing module synchronizer_ff__parameterized0_6
INFO: [VRFC 10-311] analyzing module u_ila_0
INFO: [VRFC 10-311] analyzing module wr_bin_cntr
INFO: [VRFC 10-311] analyzing module wr_bin_cntr_16
INFO: [VRFC 10-311] analyzing module wr_handshaking_flags
INFO: [VRFC 10-311] analyzing module wr_handshaking_flags_15
INFO: [VRFC 10-311] analyzing module wr_logic
INFO: [VRFC 10-311] analyzing module wr_logic__parameterized0
INFO: [VRFC 10-311] analyzing module wr_status_flags_as
INFO: [VRFC 10-311] analyzing module wr_status_flags_as_14
INFO: [VRFC 10-311] analyzing module xsdbm_v3_0_0_addr_ctl
INFO: [VRFC 10-311] analyzing module xsdbm_v3_0_0_bscan_switch
INFO: [VRFC 10-311] analyzing module xsdbm_v3_0_0_burst_wdlen_ctl
INFO: [VRFC 10-311] analyzing module xsdbm_v3_0_0_bus_ctl
INFO: [VRFC 10-311] analyzing module xsdbm_v3_0_0_bus_ctl_cnt
INFO: [VRFC 10-311] analyzing module xsdbm_v3_0_0_bus_ctl_flg
INFO: [VRFC 10-311] analyzing module xsdbm_v3_0_0_bus_ctl_flg__parameterized0
INFO: [VRFC 10-311] analyzing module xsdbm_v3_0_0_bus_mstr2sl_if
INFO: [VRFC 10-311] analyzing module xsdbm_v3_0_0_cmd_decode
INFO: [VRFC 10-311] analyzing module xsdbm_v3_0_0_ctl_reg
INFO: [VRFC 10-311] analyzing module xsdbm_v3_0_0_ctl_reg__parameterized0
INFO: [VRFC 10-311] analyzing module xsdbm_v3_0_0_ctl_reg__parameterized1
INFO: [VRFC 10-311] analyzing module xsdbm_v3_0_0_ctl_reg__parameterized2
INFO: [VRFC 10-311] analyzing module xsdbm_v3_0_0_icon
INFO: [VRFC 10-311] analyzing module xsdbm_v3_0_0_icon2xsdb
INFO: [VRFC 10-311] analyzing module xsdbm_v3_0_0_if
INFO: [VRFC 10-311] analyzing module xsdbm_v3_0_0_if_static_status
INFO: [VRFC 10-311] analyzing module xsdbm_v3_0_0_rdfifo
INFO: [VRFC 10-311] analyzing module xsdbm_v3_0_0_rdreg
INFO: [VRFC 10-311] analyzing module xsdbm_v3_0_0_stat
INFO: [VRFC 10-311] analyzing module xsdbm_v3_0_0_stat_reg
INFO: [VRFC 10-311] analyzing module xsdbm_v3_0_0_stat_reg__parameterized0
INFO: [VRFC 10-311] analyzing module xsdbm_v3_0_0_stat_reg__parameterized0_0
INFO: [VRFC 10-311] analyzing module xsdbm_v3_0_0_sync
INFO: [VRFC 10-311] analyzing module xsdbm_v3_0_0_wrfifo
INFO: [VRFC 10-311] analyzing module xsdbm_v3_0_0_wrreg
INFO: [VRFC 10-311] analyzing module xsdbm_v3_0_0_xsdbm
INFO: [VRFC 10-311] analyzing module xsdbm_v3_0_0_xsdbm_id
INFO: [VRFC 10-311] analyzing module axis_data_fifo_8bit
INFO: [VRFC 10-311] analyzing module axis_data_fifo_8bit_HD15
INFO: [VRFC 10-311] analyzing module axis_data_fifo_8bit_axis_data_fifo_v2_0_11_top
INFO: [VRFC 10-311] analyzing module axis_data_fifo_8bit_axis_data_fifo_v2_0_11_top_HD16
INFO: [VRFC 10-311] analyzing module axis_data_fifo_8bit_xpm_cdc_sync_rst
INFO: [VRFC 10-311] analyzing module axis_data_fifo_8bit_xpm_cdc_sync_rst_HD18
INFO: [VRFC 10-311] analyzing module axis_data_fifo_8bit_xpm_counter_updn__parameterized0
INFO: [VRFC 10-311] analyzing module axis_data_fifo_8bit_xpm_counter_updn__parameterized0_0
INFO: [VRFC 10-311] analyzing module axis_data_fifo_8bit_xpm_counter_updn__parameterized0_0_HD24
INFO: [VRFC 10-311] analyzing module axis_data_fifo_8bit_xpm_counter_updn__parameterized0_HD21
INFO: [VRFC 10-311] analyzing module axis_data_fifo_8bit_xpm_counter_updn__parameterized1
INFO: [VRFC 10-311] analyzing module axis_data_fifo_8bit_xpm_counter_updn__parameterized1_1
INFO: [VRFC 10-311] analyzing module axis_data_fifo_8bit_xpm_counter_updn__parameterized1_1_HD25
INFO: [VRFC 10-311] analyzing module axis_data_fifo_8bit_xpm_counter_updn__parameterized1_HD22
INFO: [VRFC 10-311] analyzing module axis_data_fifo_8bit_xpm_fifo_axis
INFO: [VRFC 10-311] analyzing module axis_data_fifo_8bit_xpm_fifo_axis_HD17
INFO: [VRFC 10-311] analyzing module axis_data_fifo_8bit_xpm_fifo_base
INFO: [VRFC 10-311] analyzing module axis_data_fifo_8bit_xpm_fifo_base_HD19
INFO: [VRFC 10-311] analyzing module axis_data_fifo_8bit_xpm_fifo_reg_bit
INFO: [VRFC 10-311] analyzing module axis_data_fifo_8bit_xpm_fifo_reg_bit_HD23
INFO: [VRFC 10-311] analyzing module axis_data_fifo_8bit_xpm_fifo_rst
INFO: [VRFC 10-311] analyzing module axis_data_fifo_8bit_xpm_fifo_rst_HD26
INFO: [VRFC 10-311] analyzing module axis_data_fifo_8bit_xpm_memory_base
INFO: [VRFC 10-311] analyzing module axis_data_fifo_8bit_xpm_memory_base_HD20
INFO: [VRFC 10-311] analyzing module spi_master
INFO: [VRFC 10-311] analyzing module spi_streamer
INFO: [VRFC 10-311] analyzing module top
INFO: [VRFC 10-311] analyzing module transceive_unit
INFO: [VRFC 10-311] analyzing module CFGLUT5_UNIQ_BASE_
INFO: [VRFC 10-311] analyzing module CFGLUT5_HD118
INFO: [VRFC 10-311] analyzing module CFGLUT5_HD119
INFO: [VRFC 10-311] analyzing module CFGLUT5_HD120
INFO: [VRFC 10-311] analyzing module CFGLUT5_HD121
INFO: [VRFC 10-311] analyzing module CFGLUT5_HD122
INFO: [VRFC 10-311] analyzing module CFGLUT5_HD123
INFO: [VRFC 10-311] analyzing module CFGLUT5_HD124
INFO: [VRFC 10-311] analyzing module CFGLUT5_HD125
INFO: [VRFC 10-311] analyzing module CFGLUT5_HD126
INFO: [VRFC 10-311] analyzing module CFGLUT5_HD127
INFO: [VRFC 10-311] analyzing module CFGLUT5_HD128
INFO: [VRFC 10-311] analyzing module CFGLUT5_HD129
INFO: [VRFC 10-311] analyzing module CFGLUT5_HD130
INFO: [VRFC 10-311] analyzing module CFGLUT5_HD131
INFO: [VRFC 10-311] analyzing module CFGLUT5_HD132
INFO: [VRFC 10-311] analyzing module CFGLUT5_HD133
INFO: [VRFC 10-311] analyzing module CFGLUT5_HD134
INFO: [VRFC 10-311] analyzing module CFGLUT5_HD135
INFO: [VRFC 10-311] analyzing module CFGLUT5_HD136
INFO: [VRFC 10-311] analyzing module CFGLUT5_HD137
INFO: [VRFC 10-311] analyzing module CFGLUT5_HD138
INFO: [VRFC 10-311] analyzing module CFGLUT5_HD139
INFO: [VRFC 10-311] analyzing module CFGLUT5_HD140
INFO: [VRFC 10-311] analyzing module CFGLUT5_HD141
INFO: [VRFC 10-311] analyzing module CFGLUT5_HD142
INFO: [VRFC 10-311] analyzing module CFGLUT5_HD143
INFO: [VRFC 10-311] analyzing module CFGLUT5_HD144
INFO: [VRFC 10-311] analyzing module CFGLUT5_HD145
INFO: [VRFC 10-311] analyzing module CFGLUT5_HD146
INFO: [VRFC 10-311] analyzing module CFGLUT5_HD147
INFO: [VRFC 10-311] analyzing module CFGLUT5_HD148
INFO: [VRFC 10-311] analyzing module CFGLUT5_HD149
INFO: [VRFC 10-311] analyzing module CFGLUT5_HD150
INFO: [VRFC 10-311] analyzing module CFGLUT5_HD151
INFO: [VRFC 10-311] analyzing module CFGLUT5_HD152
INFO: [VRFC 10-311] analyzing module CFGLUT5_HD153
INFO: [VRFC 10-311] analyzing module CFGLUT5_HD154
INFO: [VRFC 10-311] analyzing module CFGLUT5_HD155
INFO: [VRFC 10-311] analyzing module CFGLUT5_HD156
INFO: [VRFC 10-311] analyzing module CFGLUT5_HD157
INFO: [VRFC 10-311] analyzing module CFGLUT5_HD158
INFO: [VRFC 10-311] analyzing module CFGLUT5_HD159
INFO: [VRFC 10-311] analyzing module CFGLUT5_HD160
INFO: [VRFC 10-311] analyzing module CFGLUT5_HD161
INFO: [VRFC 10-311] analyzing module CFGLUT5_HD162
INFO: [VRFC 10-311] analyzing module CFGLUT5_HD163
INFO: [VRFC 10-311] analyzing module CFGLUT5_HD164
INFO: [VRFC 10-311] analyzing module CFGLUT5_HD165
INFO: [VRFC 10-311] analyzing module CFGLUT5_HD166
INFO: [VRFC 10-311] analyzing module CFGLUT5_HD167
INFO: [VRFC 10-311] analyzing module CFGLUT5_HD168
INFO: [VRFC 10-311] analyzing module CFGLUT5_HD169
INFO: [VRFC 10-311] analyzing module CFGLUT5_HD170
INFO: [VRFC 10-311] analyzing module CFGLUT5_HD171
INFO: [VRFC 10-311] analyzing module CFGLUT5_HD172
INFO: [VRFC 10-311] analyzing module CFGLUT5_HD173
INFO: [VRFC 10-311] analyzing module CFGLUT5_HD174
INFO: [VRFC 10-311] analyzing module CFGLUT5_HD175
INFO: [VRFC 10-311] analyzing module CFGLUT5_HD176
INFO: [VRFC 10-311] analyzing module CFGLUT5_HD177
INFO: [VRFC 10-311] analyzing module CFGLUT5_HD178
INFO: [VRFC 10-311] analyzing module CFGLUT5_HD179
INFO: [VRFC 10-311] analyzing module CFGLUT5_HD180
INFO: [VRFC 10-311] analyzing module CFGLUT5_HD181
INFO: [VRFC 10-311] analyzing module CFGLUT5_HD182
INFO: [VRFC 10-311] analyzing module CFGLUT5_HD183
INFO: [VRFC 10-311] analyzing module CFGLUT5_HD184
INFO: [VRFC 10-311] analyzing module CFGLUT5_HD185
INFO: [VRFC 10-311] analyzing module CFGLUT5_HD186
INFO: [VRFC 10-311] analyzing module CFGLUT5_HD187
INFO: [VRFC 10-311] analyzing module CFGLUT5_HD188
INFO: [VRFC 10-311] analyzing module CFGLUT5_HD189
INFO: [VRFC 10-311] analyzing module CFGLUT5_HD190
INFO: [VRFC 10-311] analyzing module CFGLUT5_HD191
INFO: [VRFC 10-311] analyzing module CFGLUT5_HD192
INFO: [VRFC 10-311] analyzing module CFGLUT5_HD193
INFO: [VRFC 10-311] analyzing module CFGLUT5_HD194
INFO: [VRFC 10-311] analyzing module CFGLUT5_HD195
INFO: [VRFC 10-311] analyzing module CFGLUT5_HD196
INFO: [VRFC 10-311] analyzing module CFGLUT5_HD197
INFO: [VRFC 10-311] analyzing module CFGLUT5_HD198
INFO: [VRFC 10-311] analyzing module CFGLUT5_HD199
INFO: [VRFC 10-311] analyzing module CFGLUT5_HD200
INFO: [VRFC 10-311] analyzing module CFGLUT5_HD201
INFO: [VRFC 10-311] analyzing module CFGLUT5_HD202
INFO: [VRFC 10-311] analyzing module CFGLUT5_HD203
INFO: [VRFC 10-311] analyzing module CFGLUT5_HD204
INFO: [VRFC 10-311] analyzing module CFGLUT5_HD205
INFO: [VRFC 10-311] analyzing module CFGLUT5_HD206
INFO: [VRFC 10-311] analyzing module CFGLUT5_HD207
INFO: [VRFC 10-311] analyzing module CFGLUT5_HD208
INFO: [VRFC 10-311] analyzing module CFGLUT5_HD209
INFO: [VRFC 10-311] analyzing module CFGLUT5_HD210
INFO: [VRFC 10-311] analyzing module CFGLUT5_HD211
INFO: [VRFC 10-311] analyzing module CFGLUT5_HD212
INFO: [VRFC 10-311] analyzing module CFGLUT5_HD213
INFO: [VRFC 10-311] analyzing module CFGLUT5_HD214
INFO: [VRFC 10-311] analyzing module CFGLUT5_HD215
INFO: [VRFC 10-311] analyzing module CFGLUT5_HD216
INFO: [VRFC 10-311] analyzing module CFGLUT5_HD217
INFO: [VRFC 10-311] analyzing module CFGLUT5_HD218
INFO: [VRFC 10-311] analyzing module CFGLUT5_HD219
INFO: [VRFC 10-311] analyzing module CFGLUT5_HD220
INFO: [VRFC 10-311] analyzing module blk_mem_gen_v8_4_7
INFO: [VRFC 10-311] analyzing module blk_mem_gen_v8_4_7_blk_mem_gen_generic_cstr
INFO: [VRFC 10-311] analyzing module blk_mem_gen_v8_4_7_blk_mem_gen_prim_width
INFO: [VRFC 10-311] analyzing module blk_mem_gen_v8_4_7_blk_mem_gen_prim_wrapper
INFO: [VRFC 10-311] analyzing module blk_mem_gen_v8_4_7_blk_mem_gen_top
INFO: [VRFC 10-311] analyzing module blk_mem_gen_v8_4_7_synth
INFO: [VRFC 10-311] analyzing module ila_v6_2_14_ila_cap_addrgen
INFO: [VRFC 10-311] analyzing module ila_v6_2_14_ila_cap_ctrl_legacy
INFO: [VRFC 10-311] analyzing module ila_v6_2_14_ila_cap_sample_counter
INFO: [VRFC 10-311] analyzing module ila_v6_2_14_ila_cap_window_counter
INFO: [VRFC 10-311] analyzing module ila_v6_2_14_ila_core
INFO: [VRFC 10-311] analyzing module ila_v6_2_14_ila_register
INFO: [VRFC 10-311] analyzing module ila_v6_2_14_ila_reset_ctrl
INFO: [VRFC 10-311] analyzing module ila_v6_2_14_ila_trace_memory
INFO: [VRFC 10-311] analyzing module ila_v6_2_14_ila_trig_match
INFO: [VRFC 10-311] analyzing module ila_v6_2_14_ila_trigger
INFO: [VRFC 10-311] analyzing module ltlib_v1_0_1_all_typeA
INFO: [VRFC 10-311] analyzing module ltlib_v1_0_1_all_typeA_46
INFO: [VRFC 10-311] analyzing module ltlib_v1_0_1_all_typeA__parameterized0
INFO: [VRFC 10-311] analyzing module ltlib_v1_0_1_all_typeA__parameterized0_1
INFO: [VRFC 10-311] analyzing module ltlib_v1_0_1_all_typeA__parameterized0_10
INFO: [VRFC 10-311] analyzing module ltlib_v1_0_1_all_typeA__parameterized0_13
INFO: [VRFC 10-311] analyzing module ltlib_v1_0_1_all_typeA__parameterized0_16
INFO: [VRFC 10-311] analyzing module ltlib_v1_0_1_all_typeA__parameterized0_19
INFO: [VRFC 10-311] analyzing module ltlib_v1_0_1_all_typeA__parameterized0_22
INFO: [VRFC 10-311] analyzing module ltlib_v1_0_1_all_typeA__parameterized0_25
INFO: [VRFC 10-311] analyzing module ltlib_v1_0_1_all_typeA__parameterized0_28
INFO: [VRFC 10-311] analyzing module ltlib_v1_0_1_all_typeA__parameterized0_31
INFO: [VRFC 10-311] analyzing module ltlib_v1_0_1_all_typeA__parameterized0_34
INFO: [VRFC 10-311] analyzing module ltlib_v1_0_1_all_typeA__parameterized0_37
INFO: [VRFC 10-311] analyzing module ltlib_v1_0_1_all_typeA__parameterized0_39
INFO: [VRFC 10-311] analyzing module ltlib_v1_0_1_all_typeA__parameterized0_4
INFO: [VRFC 10-311] analyzing module ltlib_v1_0_1_all_typeA__parameterized0_42
INFO: [VRFC 10-311] analyzing module ltlib_v1_0_1_all_typeA__parameterized0_7
INFO: [VRFC 10-311] analyzing module ltlib_v1_0_1_all_typeA__parameterized1
INFO: [VRFC 10-311] analyzing module ltlib_v1_0_1_all_typeA__parameterized1_67
INFO: [VRFC 10-311] analyzing module ltlib_v1_0_1_all_typeA__parameterized1_71
INFO: [VRFC 10-311] analyzing module ltlib_v1_0_1_all_typeA_slice
INFO: [VRFC 10-311] analyzing module ltlib_v1_0_1_all_typeA_slice_47
INFO: [VRFC 10-311] analyzing module ltlib_v1_0_1_all_typeA_slice__parameterized0
INFO: [VRFC 10-311] analyzing module ltlib_v1_0_1_all_typeA_slice__parameterized0_11
INFO: [VRFC 10-311] analyzing module ltlib_v1_0_1_all_typeA_slice__parameterized0_14
INFO: [VRFC 10-311] analyzing module ltlib_v1_0_1_all_typeA_slice__parameterized0_17
INFO: [VRFC 10-311] analyzing module ltlib_v1_0_1_all_typeA_slice__parameterized0_2
INFO: [VRFC 10-311] analyzing module ltlib_v1_0_1_all_typeA_slice__parameterized0_20
INFO: [VRFC 10-311] analyzing module ltlib_v1_0_1_all_typeA_slice__parameterized0_23
INFO: [VRFC 10-311] analyzing module ltlib_v1_0_1_all_typeA_slice__parameterized0_26
INFO: [VRFC 10-311] analyzing module ltlib_v1_0_1_all_typeA_slice__parameterized0_29
INFO: [VRFC 10-311] analyzing module ltlib_v1_0_1_all_typeA_slice__parameterized0_32
INFO: [VRFC 10-311] analyzing module ltlib_v1_0_1_all_typeA_slice__parameterized0_35
INFO: [VRFC 10-311] analyzing module ltlib_v1_0_1_all_typeA_slice__parameterized0_38
INFO: [VRFC 10-311] analyzing module ltlib_v1_0_1_all_typeA_slice__parameterized0_40
INFO: [VRFC 10-311] analyzing module ltlib_v1_0_1_all_typeA_slice__parameterized0_43
INFO: [VRFC 10-311] analyzing module ltlib_v1_0_1_all_typeA_slice__parameterized0_44
INFO: [VRFC 10-311] analyzing module ltlib_v1_0_1_all_typeA_slice__parameterized0_48
INFO: [VRFC 10-311] analyzing module ltlib_v1_0_1_all_typeA_slice__parameterized0_5
INFO: [VRFC 10-311] analyzing module ltlib_v1_0_1_all_typeA_slice__parameterized0_8
INFO: [VRFC 10-311] analyzing module ltlib_v1_0_1_all_typeA_slice__parameterized1
INFO: [VRFC 10-311] analyzing module ltlib_v1_0_1_all_typeA_slice__parameterized1_68
INFO: [VRFC 10-311] analyzing module ltlib_v1_0_1_all_typeA_slice__parameterized1_72
INFO: [VRFC 10-311] analyzing module ltlib_v1_0_1_all_typeA_slice__parameterized2
INFO: [VRFC 10-311] analyzing module ltlib_v1_0_1_all_typeA_slice__parameterized2_69
INFO: [VRFC 10-311] analyzing module ltlib_v1_0_1_all_typeA_slice__parameterized2_73
INFO: [VRFC 10-311] analyzing module ltlib_v1_0_1_allx_typeA
INFO: [VRFC 10-311] analyzing module ltlib_v1_0_1_allx_typeA_45
INFO: [VRFC 10-311] analyzing module ltlib_v1_0_1_allx_typeA__parameterized0
INFO: [VRFC 10-311] analyzing module ltlib_v1_0_1_allx_typeA__parameterized0_41
INFO: [VRFC 10-311] analyzing module ltlib_v1_0_1_allx_typeA__parameterized1
INFO: [VRFC 10-311] analyzing module ltlib_v1_0_1_allx_typeA__parameterized1_0
INFO: [VRFC 10-311] analyzing module ltlib_v1_0_1_allx_typeA__parameterized1_12
INFO: [VRFC 10-311] analyzing module ltlib_v1_0_1_allx_typeA__parameterized1_15
INFO: [VRFC 10-311] analyzing module ltlib_v1_0_1_allx_typeA__parameterized1_18
INFO: [VRFC 10-311] analyzing module ltlib_v1_0_1_allx_typeA__parameterized1_21
INFO: [VRFC 10-311] analyzing module ltlib_v1_0_1_allx_typeA__parameterized1_24
INFO: [VRFC 10-311] analyzing module ltlib_v1_0_1_allx_typeA__parameterized1_27
INFO: [VRFC 10-311] analyzing module ltlib_v1_0_1_allx_typeA__parameterized1_3
INFO: [VRFC 10-311] analyzing module ltlib_v1_0_1_allx_typeA__parameterized1_30
INFO: [VRFC 10-311] analyzing module ltlib_v1_0_1_allx_typeA__parameterized1_33
INFO: [VRFC 10-311] analyzing module ltlib_v1_0_1_allx_typeA__parameterized1_36
INFO: [VRFC 10-311] analyzing module ltlib_v1_0_1_allx_typeA__parameterized1_6
INFO: [VRFC 10-311] analyzing module ltlib_v1_0_1_allx_typeA__parameterized1_9
INFO: [VRFC 10-311] analyzing module ltlib_v1_0_1_allx_typeA_nodelay
INFO: [VRFC 10-311] analyzing module ltlib_v1_0_1_allx_typeA_nodelay_66
INFO: [VRFC 10-311] analyzing module ltlib_v1_0_1_allx_typeA_nodelay_70
INFO: [VRFC 10-311] analyzing module ltlib_v1_0_1_async_edge_xfer
INFO: [VRFC 10-311] analyzing module ltlib_v1_0_1_async_edge_xfer__1
INFO: [VRFC 10-311] analyzing module ltlib_v1_0_1_async_edge_xfer__2
INFO: [VRFC 10-311] analyzing module ltlib_v1_0_1_async_edge_xfer__3
INFO: [VRFC 10-311] analyzing module ltlib_v1_0_1_cfglut4
INFO: [VRFC 10-311] analyzing module ltlib_v1_0_1_cfglut4__1
INFO: [VRFC 10-311] analyzing module ltlib_v1_0_1_cfglut5
INFO: [VRFC 10-311] analyzing module ltlib_v1_0_1_cfglut5__1
INFO: [VRFC 10-311] analyzing module ltlib_v1_0_1_cfglut5__2
INFO: [VRFC 10-311] analyzing module ltlib_v1_0_1_cfglut6
INFO: [VRFC 10-311] analyzing module ltlib_v1_0_1_cfglut6__1
INFO: [VRFC 10-311] analyzing module ltlib_v1_0_1_cfglut6__parameterized0
INFO: [VRFC 10-311] analyzing module ltlib_v1_0_1_cfglut7
INFO: [VRFC 10-311] analyzing module ltlib_v1_0_1_cfglut7__1
INFO: [VRFC 10-311] analyzing module ltlib_v1_0_1_generic_memrd
INFO: [VRFC 10-311] analyzing module ltlib_v1_0_1_match
INFO: [VRFC 10-311] analyzing module ltlib_v1_0_1_match__1
INFO: [VRFC 10-311] analyzing module ltlib_v1_0_1_match__parameterized0
INFO: [VRFC 10-311] analyzing module ltlib_v1_0_1_match__parameterized0__1
INFO: [VRFC 10-311] analyzing module ltlib_v1_0_1_match__parameterized1
INFO: [VRFC 10-311] analyzing module ltlib_v1_0_1_match__parameterized1__1
INFO: [VRFC 10-311] analyzing module ltlib_v1_0_1_match__parameterized1__10
INFO: [VRFC 10-311] analyzing module ltlib_v1_0_1_match__parameterized1__11
INFO: [VRFC 10-311] analyzing module ltlib_v1_0_1_match__parameterized1__12
INFO: [VRFC 10-311] analyzing module ltlib_v1_0_1_match__parameterized1__13
INFO: [VRFC 10-311] analyzing module ltlib_v1_0_1_match__parameterized1__2
INFO: [VRFC 10-311] analyzing module ltlib_v1_0_1_match__parameterized1__3
INFO: [VRFC 10-311] analyzing module ltlib_v1_0_1_match__parameterized1__4
INFO: [VRFC 10-311] analyzing module ltlib_v1_0_1_match__parameterized1__5
INFO: [VRFC 10-311] analyzing module ltlib_v1_0_1_match__parameterized1__6
INFO: [VRFC 10-311] analyzing module ltlib_v1_0_1_match__parameterized1__7
INFO: [VRFC 10-311] analyzing module ltlib_v1_0_1_match__parameterized1__8
INFO: [VRFC 10-311] analyzing module ltlib_v1_0_1_match__parameterized1__9
INFO: [VRFC 10-311] analyzing module ltlib_v1_0_1_match_nodelay
INFO: [VRFC 10-311] analyzing module ltlib_v1_0_1_match_nodelay__1
INFO: [VRFC 10-311] analyzing module ltlib_v1_0_1_match_nodelay__2
INFO: [VRFC 10-311] analyzing module ltlib_v1_0_1_rising_edge_detection
INFO: [VRFC 10-311] analyzing module ltlib_v1_0_1_rising_edge_detection__1
INFO: [VRFC 10-311] analyzing module xsdbs_v1_0_3_reg__parameterized33
INFO: [VRFC 10-311] analyzing module xsdbs_v1_0_3_reg__parameterized34
INFO: [VRFC 10-311] analyzing module xsdbs_v1_0_3_reg__parameterized35
INFO: [VRFC 10-311] analyzing module xsdbs_v1_0_3_reg__parameterized36
INFO: [VRFC 10-311] analyzing module xsdbs_v1_0_3_reg__parameterized48
INFO: [VRFC 10-311] analyzing module xsdbs_v1_0_3_reg__parameterized49
INFO: [VRFC 10-311] analyzing module xsdbs_v1_0_3_reg__parameterized50
INFO: [VRFC 10-311] analyzing module xsdbs_v1_0_3_reg__parameterized51
INFO: [VRFC 10-311] analyzing module xsdbs_v1_0_3_reg__parameterized52
INFO: [VRFC 10-311] analyzing module xsdbs_v1_0_3_reg__parameterized53
INFO: [VRFC 10-311] analyzing module xsdbs_v1_0_3_reg__parameterized54
INFO: [VRFC 10-311] analyzing module xsdbs_v1_0_3_reg__parameterized55
INFO: [VRFC 10-311] analyzing module xsdbs_v1_0_3_reg__parameterized56
INFO: [VRFC 10-311] analyzing module xsdbs_v1_0_3_reg__parameterized57
INFO: [VRFC 10-311] analyzing module xsdbs_v1_0_3_reg__parameterized58
INFO: [VRFC 10-311] analyzing module xsdbs_v1_0_3_reg__parameterized59
INFO: [VRFC 10-311] analyzing module xsdbs_v1_0_3_reg__parameterized61
INFO: [VRFC 10-311] analyzing module xsdbs_v1_0_3_reg__parameterized63
INFO: [VRFC 10-311] analyzing module xsdbs_v1_0_3_reg__parameterized66
INFO: [VRFC 10-311] analyzing module xsdbs_v1_0_3_reg_ctl
INFO: [VRFC 10-311] analyzing module xsdbs_v1_0_3_reg_ctl_52
INFO: [VRFC 10-311] analyzing module xsdbs_v1_0_3_reg_ctl_53
INFO: [VRFC 10-311] analyzing module xsdbs_v1_0_3_reg_ctl_54
INFO: [VRFC 10-311] analyzing module xsdbs_v1_0_3_reg_ctl_55
INFO: [VRFC 10-311] analyzing module xsdbs_v1_0_3_reg_ctl_58
INFO: [VRFC 10-311] analyzing module xsdbs_v1_0_3_reg_ctl_59
INFO: [VRFC 10-311] analyzing module xsdbs_v1_0_3_reg_ctl_60
INFO: [VRFC 10-311] analyzing module xsdbs_v1_0_3_reg_ctl_61
INFO: [VRFC 10-311] analyzing module xsdbs_v1_0_3_reg_ctl_62
INFO: [VRFC 10-311] analyzing module xsdbs_v1_0_3_reg_ctl_65
INFO: [VRFC 10-311] analyzing module xsdbs_v1_0_3_reg_ctl__parameterized0
INFO: [VRFC 10-311] analyzing module xsdbs_v1_0_3_reg_ctl__parameterized1
INFO: [VRFC 10-311] analyzing module xsdbs_v1_0_3_reg_ctl__parameterized1_56
INFO: [VRFC 10-311] analyzing module xsdbs_v1_0_3_reg_ctl__parameterized1_57
INFO: [VRFC 10-311] analyzing module xsdbs_v1_0_3_reg_p2s
INFO: [VRFC 10-311] analyzing module xsdbs_v1_0_3_reg_p2s__parameterized0
INFO: [VRFC 10-311] analyzing module xsdbs_v1_0_3_reg_p2s__parameterized1
INFO: [VRFC 10-311] analyzing module xsdbs_v1_0_3_reg_p2s__parameterized10
INFO: [VRFC 10-311] analyzing module xsdbs_v1_0_3_reg_p2s__parameterized11
INFO: [VRFC 10-311] analyzing module xsdbs_v1_0_3_reg_p2s__parameterized12
INFO: [VRFC 10-311] analyzing module xsdbs_v1_0_3_reg_p2s__parameterized13
INFO: [VRFC 10-311] analyzing module xsdbs_v1_0_3_reg_p2s__parameterized14
INFO: [VRFC 10-311] analyzing module xsdbs_v1_0_3_reg_p2s__parameterized15
INFO: [VRFC 10-311] analyzing module xsdbs_v1_0_3_reg_p2s__parameterized16
INFO: [VRFC 10-311] analyzing module xsdbs_v1_0_3_reg_p2s__parameterized17
INFO: [VRFC 10-311] analyzing module xsdbs_v1_0_3_reg_p2s__parameterized2
INFO: [VRFC 10-311] analyzing module xsdbs_v1_0_3_reg_p2s__parameterized3
INFO: [VRFC 10-311] analyzing module xsdbs_v1_0_3_reg_p2s__parameterized4
INFO: [VRFC 10-311] analyzing module xsdbs_v1_0_3_reg_p2s__parameterized5
INFO: [VRFC 10-311] analyzing module xsdbs_v1_0_3_reg_p2s__parameterized6
INFO: [VRFC 10-311] analyzing module xsdbs_v1_0_3_reg_p2s__parameterized7
INFO: [VRFC 10-311] analyzing module xsdbs_v1_0_3_reg_p2s__parameterized8
INFO: [VRFC 10-311] analyzing module xsdbs_v1_0_3_reg_p2s__parameterized9
INFO: [VRFC 10-311] analyzing module xsdbs_v1_0_3_reg_stat
INFO: [VRFC 10-311] analyzing module xsdbs_v1_0_3_reg_stat_49
INFO: [VRFC 10-311] analyzing module xsdbs_v1_0_3_reg_stat_50
INFO: [VRFC 10-311] analyzing module xsdbs_v1_0_3_reg_stat_51
INFO: [VRFC 10-311] analyzing module xsdbs_v1_0_3_reg_stat_63
INFO: [VRFC 10-311] analyzing module xsdbs_v1_0_3_reg_stat_64
INFO: [VRFC 10-311] analyzing module xsdbs_v1_0_3_reg_stream
INFO: [VRFC 10-311] analyzing module xsdbs_v1_0_3_reg_stream__parameterized0
INFO: [VRFC 10-311] analyzing module xsdbs_v1_0_3_xsdbs
INFO: [VRFC 10-311] analyzing module glbl
